2026-06-27 20:49:51.640 - REQUEST  [cb7b772b] | GET /api/mock/countries/Malaysia |  Body: 
2026-06-27 20:49:51.640 - RESPONSE [cb7b772b] | Status: 200 | Duration: 5ms | Body: {"countryName":"Malaysia","officialName":"Malaysia","region":"Asia"}
2026-06-27 20:49:51.684 - REQUEST  [cfd00c5c] | GET /api/v1/customers/18/enriched |  Body: 
2026-06-27 20:49:51.684 - RESPONSE [cfd00c5c] | Status: 200 | Duration: 181ms | Body: {"customer":{"id":18,"firstName":"Alex","lastName":"Lee","email":"elex2@example.com","country":"Malaysia","dateOfBirth":"2023-01-15"},"countryInfo":{"countryName":"Malaysia","officialName":"Malaysia","region":"Asia"}}
2026-06-27 20:50:00.965 - REQUEST  [9989c78f] | DELETE /api/v1/customers/18 |  Body: 
2026-06-27 20:50:00.965 - RESPONSE [9989c78f] | Status: 204 | Duration: 25ms | Body: 
2026-06-27 20:50:04.357 - REQUEST  [1c98c0a5] | GET /api/mock/countries/malaysia |  Body: 
2026-06-27 20:50:04.357 - RESPONSE [1c98c0a5] | Status: 200 | Duration: 2ms | Body: {"countryName":"Malaysia","officialName":"Malaysia","region":"Asia"}
2026-06-27 20:50:15.051 - REQUEST  [0f2ee2fd] | GET /api/mock/countries/us |  Body: 
2026-06-27 20:50:15.051 - RESPONSE [0f2ee2fd] | Status: 200 | Duration: 2ms | Body: {"countryName":"United States","officialName":"United States of America","region":"Americas"}
2026-06-27 20:51:36.382 - REQUEST  [fee6186a] | POST /api/v1/customers |  Body: { "firstName": "Alex", "lastName": "Lee", "email": "alex123@example.com", "country": "malaysia", "dateOfBirth": "1990-01-15" }
2026-06-27 20:51:36.383 - RESPONSE [fee6186a] | Status: 201 | Duration: 1839ms | Body: {"id":19,"firstName":"Alex","lastName":"Lee","email":"alex123@example.com","country":"malaysia","dateOfBirth":"1990-01-15"}
2026-06-27 20:55:06.241 - REQUEST  [4ff5ac1c] | PUT /api/v1/customers/19 |  Body: { "firstName": "Alex", "lastName": "Lee", "email": "elex2@example.com", "country": "Malaysia" }
2026-06-27 20:55:06.241 - RESPONSE [4ff5ac1c] | Status: 200 | Duration: 104ms | Body: {"id":19,"firstName":"Alex","lastName":"Lee","email":"elex2@example.com","country":"Malaysia","dateOfBirth":"1990-01-15"}
2026-06-27 20:55:29.039 - REQUEST  [446c7969] | PUT /api/v1/customers/19 |  Body: { "firstName": "Alex", "lastName": "Lee", "email": "elex2@example.com", "country": "Malaysia" }
2026-06-27 20:55:29.040 - RESPONSE [446c7969] | Status: 200 | Duration: 28ms | Body: {"id":19,"firstName":"Alex","lastName":"Lee","email":"elex2@example.com","country":"Malaysia","dateOfBirth":"1990-01-15"}
2026-06-27 20:56:33.233 - REQUEST  [5a81545f] | PUT /api/v1/customers/19 |  Body: { "firstName": "Alex", "lastName": "Lee", "email": "elex2@example.com", "country": "Malaysia" }
2026-06-27 20:56:33.234 - RESPONSE [5a81545f] | Status: 200 | Duration: 2340ms | Body: {"id":19,"firstName":"Alex","lastName":"Lee","email":"elex2@example.com","country":"Malaysia","dateOfBirth":"1990-01-15"}
2026-06-27 20:57:26.107 - REQUEST  [9fab5d2c] | PUT /api/v1/customers/19 |  Body: { "firstName": "Alex", "lastName": "Lee", "email": "elex2@example.com", "country": "Malaysia" }
2026-06-27 20:57:26.108 - RESPONSE [9fab5d2c] | Status: 200 | Duration: 2351ms | Body: {"id":19,"firstName":"Alex","lastName":"Lee","email":"elex2@example.com","country":"Malaysia","dateOfBirth":"1990-01-15"}
2026-06-27 20:59:23.818 - REQUEST  [8eb75939] | GET /api/v1/customers/19 |  Body: 
2026-06-27 20:59:23.819 - RESPONSE [8eb75939] | Status: 200 | Duration: 669ms | Body: {"id":19,"firstName":"Alex","lastName":"Lee","email":"elex2@example.com","country":"Malaysia","dateOfBirth":"1990-01-15"}
2026-06-27 21:01:09.866 - REQUEST  [3291c520] | GET /api/v1/customers/19 |  Body: 
2026-06-27 21:01:09.867 - RESPONSE [3291c520] | Status: 200 | Duration: 713ms | Body: {"id":19,"firstName":"Alex","lastName":"Lee","email":"elex2@example.com","country":"Malaysia","dateOfBirth":"1990-01-15"}
2026-06-27 21:02:17.338 - REQUEST  [7a65df6c] | GET /api/v1/customers/19 |  Body: 
2026-06-27 21:02:17.339 - RESPONSE [7a65df6c] | Status: 200 | Duration: 730ms | Body: {"id":19,"firstName":"Alex","lastName":"Lee","email":"elex2@example.com","country":"Malaysia","dateOfBirth":"1990-01-15"}
2026-06-27 21:02:55.065 - REQUEST  [6b0e773a] | GET /api/v1/customers/19 |  Body: 
2026-06-27 21:02:55.065 - RESPONSE [6b0e773a] | Status: 200 | Duration: 705ms | Body: {"id":19,"firstName":"Alex","lastName":"Lee","email":"elex2@example.com","country":"Malaysia","dateOfBirth":"1990-01-15"}
2026-06-27 22:07:02.783 - REQUEST  [5b981d90] | POST /api/v1/customers |  Body: { "firstName": "Alex", "lastName": "Lee", "email": "alex@example.com", "country": "malaysia", "dateOfBirth": "1990-01-15" }
2026-06-27 22:07:02.784 - RESPONSE [5b981d90] | Status: 201 | Duration: 1739ms | Body: {"id":1,"firstName":"Alex","lastName":"Lee","email":"alex@example.com","country":"malaysia","dateOfBirth":"1990-01-15"}
2026-06-27 22:07:20.554 - REQUEST  [8e4e1fb1] | PUT /api/v1/customers/1 |  Body: { "firstName": "Alex", "lastName": "Lee", "email": "elex2@example.com", "country": "Malaysia" }
2026-06-27 22:07:20.554 - RESPONSE [8e4e1fb1] | Status: 200 | Duration: 105ms | Body: {"id":1,"firstName":"Alex","lastName":"Lee","email":"elex2@example.com","country":"Malaysia","dateOfBirth":"1990-01-15"}
2026-06-27 22:07:24.615 - REQUEST  [2020c4de] | GET /api/v1/customers/1 |  Body: 
2026-06-27 22:07:24.615 - RESPONSE [2020c4de] | Status: 200 | Duration: 11ms | Body: {"id":1,"firstName":"Alex","lastName":"Lee","email":"elex2@example.com","country":"Malaysia","dateOfBirth":"1990-01-15"}
2026-06-27 22:07:29.293 - REQUEST  [de2cfe0f] | GET /api/v1/customers |  Body: 
2026-06-27 22:07:29.294 - RESPONSE [de2cfe0f] | Status: 200 | Duration: 74ms | Body: {"data":[{"id":1,"firstName":"Alex","lastName":"Lee","email":"elex2@example.com","country":"Malaysia","dateOfBirth":"1990-01-15"}],"pageNumber":0,"pageSize":5,"totalElements":1,"totalPages":1,"first":true,"last":true}
2026-06-27 22:07:34.982 - REQUEST  [a7961985] | GET /api/mock/countries/Malaysia |  Body: 
2026-06-27 22:07:34.982 - RESPONSE [a7961985] | Status: 200 | Duration: 6ms | Body: {"countryName":"Malaysia","officialName":"Malaysia","region":"Asia"}
2026-06-27 22:07:35.017 - REQUEST  [14d1a9cd] | GET /api/v1/customers/1/enriched |  Body: 
2026-06-27 22:07:35.017 - RESPONSE [14d1a9cd] | Status: 200 | Duration: 164ms | Body: {"customer":{"id":1,"firstName":"Alex","lastName":"Lee","email":"elex2@example.com","country":"Malaysia","dateOfBirth":"1990-01-15"},"countryInfo":{"countryName":"Malaysia","officialName":"Malaysia","region":"Asia"}}
2026-06-27 22:07:40.577 - REQUEST  [d32bfa9e] | GET /api/mock/countries/malaysia |  Body: 
2026-06-27 22:07:40.577 - RESPONSE [d32bfa9e] | Status: 200 | Duration: 2ms | Body: {"countryName":"Malaysia","officialName":"Malaysia","region":"Asia"}
2026-06-27 22:14:24.553 - REQUEST  [f5e0bbe1] | GET /api/mock/countries/malaysia |  Body: 
2026-06-27 22:14:24.554 - RESPONSE [f5e0bbe1] | Status: 200 | Duration: 1ms | Body: {"countryName":"Malaysia","officialName":"Malaysia","region":"Asia"}
2026-06-27 22:15:39.007 - REQUEST  [7df7f9aa] | POST /api/v1/customers |  Body: { "firstName": "Alex", "lastName": "Lee", "email": "alex@example.com", "country": "malaysia", "dateOfBirth": "1990-01-15" }
2026-06-27 22:15:39.008 - RESPONSE [7df7f9aa] | Status: 201 | Duration: 38ms | Body: {"id":2,"firstName":"Alex","lastName":"Lee","email":"alex@example.com","country":"malaysia","dateOfBirth":"1990-01-15"}
2026-06-27 22:15:43.012 - REQUEST  [15c0664a] | POST /api/v1/customers |  Body: { "firstName": "Alex", "lastName": "Lee", "email": "alex@example.com", "country": "malaysia", "dateOfBirth": "1990-01-15" }
2026-06-27 22:15:43.012 - RESPONSE [15c0664a] | Status: 409 | Duration: 30ms | Body: {"timestamp":"2026-06-27 22:15:43","status":409,"error":"Conflict","message":"Customer already exists with email: alex@example.com","path":"/api/v1/customers"}
2026-06-27 22:15:49.572 - REQUEST  [c382c0ca] | PUT /api/v1/customers/2 |  Body: { "firstName": "Alex", "lastName": "Lee", "email": "elex2@example.com", "country": "Malaysia" }
2026-06-27 22:15:49.573 - RESPONSE [c382c0ca] | Status: 409 | Duration: 12ms | Body: {"timestamp":"2026-06-27 22:15:49","status":409,"error":"Conflict","message":"Another customer already uses email: elex2@example.com","path":"/api/v1/customers/2"}
2026-06-27 22:16:13.149 - REQUEST  [60564d38] | PUT /api/v1/customers/2 |  Body: { "firstName": "Alex", "lastName": "Lee", "email": "elex3@example.com", "country": "Malaysia" }
2026-06-27 22:16:13.150 - RESPONSE [60564d38] | Status: 200 | Duration: 32ms | Body: {"id":2,"firstName":"Alex","lastName":"Lee","email":"elex3@example.com","country":"Malaysia","dateOfBirth":"1990-01-15"}
2026-06-27 22:16:18.087 - REQUEST  [b125cba2] | GET /api/v1/customers/2 |  Body: 
2026-06-27 22:16:18.087 - RESPONSE [b125cba2] | Status: 200 | Duration: 8ms | Body: {"id":2,"firstName":"Alex","lastName":"Lee","email":"elex3@example.com","country":"Malaysia","dateOfBirth":"1990-01-15"}
2026-06-27 22:16:22.068 - REQUEST  [26ca9f1b] | GET /api/v1/customers |  Body: 
2026-06-27 22:16:22.068 - RESPONSE [26ca9f1b] | Status: 200 | Duration: 9ms | Body: {"data":[{"id":1,"firstName":"Alex","lastName":"Lee","email":"elex2@example.com","country":"Malaysia","dateOfBirth":"1990-01-15"},{"id":2,"firstName":"Alex","lastName":"Lee","email":"elex3@example.com","country":"Malaysia","dateOfBirth":"1990-01-15"}],"pageNumber":0,"pageSize":5,"totalElements":2,"totalPages":1,"first":true,"last":true}
2026-06-27 22:16:28.618 - REQUEST  [a45b5645] | GET /api/mock/countries/Malaysia |  Body: 
2026-06-27 22:16:28.619 - RESPONSE [a45b5645] | Status: 200 | Duration: 1ms | Body: {"countryName":"Malaysia","officialName":"Malaysia","region":"Asia"}
2026-06-27 22:16:28.623 - REQUEST  [2398ee55] | GET /api/v1/customers/2/enriched |  Body: 
2026-06-27 22:16:28.623 - RESPONSE [2398ee55] | Status: 200 | Duration: 16ms | Body: {"customer":{"id":2,"firstName":"Alex","lastName":"Lee","email":"elex3@example.com","country":"Malaysia","dateOfBirth":"1990-01-15"},"countryInfo":{"countryName":"Malaysia","officialName":"Malaysia","region":"Asia"}}
2026-06-27 22:16:33.789 - REQUEST  [c03cfab3] | DELETE /api/v1/customers/2 |  Body: 
2026-06-27 22:16:33.789 - RESPONSE [c03cfab3] | Status: 204 | Duration: 23ms | Body: 
2026-06-27 22:16:38.516 - REQUEST  [49c1123c] | GET /api/mock/countries/malaysia |  Body: 
2026-06-27 22:16:38.516 - RESPONSE [49c1123c] | Status: 200 | Duration: 2ms | Body: {"countryName":"Malaysia","officialName":"Malaysia","region":"Asia"}
2026-06-27 23:27:20.921 - REQUEST  [df0cc600] | POST /api/v1/customers |  Body: { "firstName": "Alex", "lastName": "Lee", "email": "alex@example.com", "country": "malaysia", "dateOfBirth": "1990-01-15" }
2026-06-27 23:27:20.922 - RESPONSE [df0cc600] | Status: 201 | Duration: 1542ms | Body: {"id":1,"firstName":"Alex","lastName":"Lee","email":"alex@example.com","country":"malaysia","dateOfBirth":"1990-01-15"}
