2026-06-27 12:08:21.529 [SpringApplicationShutdownHook] INFO  o.s.b.w.e.tomcat.GracefulShutdown - Commencing graceful shutdown. Waiting for active requests to complete
2026-06-27 12:08:21.545 [tomcat-shutdown] INFO  o.s.b.w.e.tomcat.GracefulShutdown - Graceful shutdown complete
2026-06-27 12:08:21.552 [SpringApplicationShutdownHook] INFO  o.s.o.j.LocalContainerEntityManagerFactoryBean - Closing JPA EntityManagerFactory for persistence unit 'default'
2026-06-27 12:08:21.562 [SpringApplicationShutdownHook] INFO  com.zaxxer.hikari.HikariDataSource - HikariPool-1 - Shutdown initiated...
2026-06-27 12:08:21.570 [SpringApplicationShutdownHook] INFO  com.zaxxer.hikari.HikariDataSource - HikariPool-1 - Shutdown completed.
2026-06-27 12:08:25.593 [main] INFO  c.cm.CustomerManagementApplication - Starting CustomerManagementApplication using Java 21.0.7 with PID 2668 (C:\Users\kle20\IdeaProjects\customer-management-application\target\classes started by KLE20 in C:\Users\kle20\IdeaProjects\customer-management-application)
2026-06-27 12:08:25.596 [main] DEBUG c.cm.CustomerManagementApplication - Running with Spring Boot v3.5.11, Spring v6.2.16
2026-06-27 12:08:25.599 [main] INFO  c.cm.CustomerManagementApplication - No active profile set, falling back to 1 default profile: "default"
2026-06-27 12:08:27.886 [main] DEBUG c.c.f.RequestResponseLoggingFilter - Filter 'requestResponseLoggingFilter' configured for use
2026-06-27 12:08:31.693 [main] INFO  c.cm.CustomerManagementApplication - Started CustomerManagementApplication in 7.051 seconds (process running for 7.807)
2026-06-27 12:09:00.034 [main] INFO  c.cm.CustomerManagementApplication - Starting CustomerManagementApplication using Java 21.0.7 with PID 21248 (C:\Users\kle20\IdeaProjects\customer-management-application\target\classes started by KLE20 in C:\Users\kle20\IdeaProjects\customer-management-application)
2026-06-27 12:09:00.038 [main] DEBUG c.cm.CustomerManagementApplication - Running with Spring Boot v3.5.11, Spring v6.2.16
2026-06-27 12:09:00.040 [main] INFO  c.cm.CustomerManagementApplication - No active profile set, falling back to 1 default profile: "default"
2026-06-27 12:09:01.725 [main] DEBUG c.c.f.RequestResponseLoggingFilter - Filter 'requestResponseLoggingFilter' configured for use
2026-06-27 12:09:04.825 [main] INFO  c.cm.CustomerManagementApplication - Started CustomerManagementApplication in 5.645 seconds (process running for 6.36)
2026-06-27 12:11:38.474 [http-nio-8080-exec-2] INFO  c.c.service.impl.CustomerServiceImpl - Fetching enriched customer data for id: 8
2026-06-27 12:11:38.633 [http-nio-8080-exec-2] INFO  c.c.service.impl.CustomerServiceImpl - Customer found (country: malaysia). Now calling 3rd-party API to enrich data.
2026-06-27 12:11:38.633 [http-nio-8080-exec-2] INFO  c.c.s.c.impl.CountryServiceClient - Calling internal mock country API [GET] http://localhost:8080/api/mock/countries/malaysia
2026-06-27 12:11:38.940 [http-nio-8080-exec-3] INFO  c.c.f.RequestResponseLoggingFilter - REQUEST  [b957d2b0] | GET /api/mock/countries/malaysia |  Body: 
2026-06-27 12:11:38.941 [http-nio-8080-exec-3] INFO  c.c.f.RequestResponseLoggingFilter - RESPONSE [b957d2b0] | Status: 200 | Body: {"countryName":"Malaysia","officialName":"Malaysia","region":"Asia"}
2026-06-27 12:11:38.998 [http-nio-8080-exec-2] INFO  c.c.f.RequestResponseLoggingFilter - REQUEST  [47fd571f] | GET /api/v1/customers/8/enriched |  Body: 
2026-06-27 12:11:38.999 [http-nio-8080-exec-2] INFO  c.c.f.RequestResponseLoggingFilter - RESPONSE [47fd571f] | Status: 200 | Body: {"customer":{"id":8,"firstName":"AAA","lastName":"BBB","email":"aaaaba@example.com","country":"malaysia","dateOfBirth":"2023-01-15"},"countryInfo":{"countryName":"Malaysia","officialName":"Malaysia","region":"Asia"}}
2026-06-27 14:14:33.204 [main] INFO  c.cm.CustomerManagementApplication - Starting CustomerManagementApplication using Java 21.0.7 with PID 34532 (C:\Users\kle20\IdeaProjects\customer-management-application\target\classes started by KLE20 in C:\Users\kle20\IdeaProjects\customer-management-application)
2026-06-27 14:14:33.207 [main] DEBUG c.cm.CustomerManagementApplication - Running with Spring Boot v3.5.11, Spring v6.2.16
2026-06-27 14:14:33.209 [main] INFO  c.cm.CustomerManagementApplication - No active profile set, falling back to 1 default profile: "default"
2026-06-27 14:14:35.003 [main] DEBUG c.c.f.RequestResponseLoggingFilter - Filter 'requestResponseLoggingFilter' configured for use
2026-06-27 14:14:38.758 [main] INFO  c.cm.CustomerManagementApplication - Started CustomerManagementApplication in 6.435 seconds (process running for 7.177)
2026-06-27 14:15:17.034 [http-nio-8080-exec-2] INFO  c.c.service.impl.CustomerServiceImpl - Fetching customers -> page: 0, fixed pageSize: 10, sortBy: id, sortDir: asc
2026-06-27 14:15:33.461 [http-nio-8080-exec-3] INFO  c.c.service.impl.CustomerServiceImpl - Fetching customers -> page: 0, fixed pageSize: 5, sortBy: id, sortDir: asc
2026-06-27 14:22:27.959 [http-nio-8080-exec-6] ERROR c.c.exception.GlobalExceptionHandler - Unexpected error occurred
org.springframework.web.servlet.resource.NoResourceFoundException: No static resource api/v1/api/mock/countries.
	at org.springframework.web.servlet.resource.ResourceHttpRequestHandler.handleRequest(ResourceHttpRequestHandler.java:585)
	at org.springframework.web.servlet.mvc.HttpRequestHandlerAdapter.handle(HttpRequestHandlerAdapter.java:52)
	at org.springframework.web.servlet.DispatcherServlet.doDispatch(DispatcherServlet.java:1089)
	at org.springframework.web.servlet.DispatcherServlet.doService(DispatcherServlet.java:979)
	at org.springframework.web.servlet.FrameworkServlet.processRequest(FrameworkServlet.java:1014)
	at org.springframework.web.servlet.FrameworkServlet.doGet(FrameworkServlet.java:903)
	at jakarta.servlet.http.HttpServlet.service(HttpServlet.java:564)
	at org.springframework.web.servlet.FrameworkServlet.service(FrameworkServlet.java:885)
	at jakarta.servlet.http.HttpServlet.service(HttpServlet.java:658)
	at org.apache.catalina.core.ApplicationFilterChain.internalDoFilter(ApplicationFilterChain.java:193)
	at org.apache.catalina.core.ApplicationFilterChain.doFilter(ApplicationFilterChain.java:138)
	at org.apache.tomcat.websocket.server.WsFilter.doFilter(WsFilter.java:51)
	at org.apache.catalina.core.ApplicationFilterChain.internalDoFilter(ApplicationFilterChain.java:162)
	at org.apache.catalina.core.ApplicationFilterChain.doFilter(ApplicationFilterChain.java:138)
	at org.springframework.web.filter.RequestContextFilter.doFilterInternal(RequestContextFilter.java:100)
	at org.springframework.web.filter.OncePerRequestFilter.doFilter(OncePerRequestFilter.java:116)
	at org.apache.catalina.core.ApplicationFilterChain.internalDoFilter(ApplicationFilterChain.java:162)
	at org.apache.catalina.core.ApplicationFilterChain.doFilter(ApplicationFilterChain.java:138)
	at org.springframework.web.filter.FormContentFilter.doFilterInternal(FormContentFilter.java:93)
	at org.springframework.web.filter.OncePerRequestFilter.doFilter(OncePerRequestFilter.java:116)
	at org.apache.catalina.core.ApplicationFilterChain.internalDoFilter(ApplicationFilterChain.java:162)
	at org.apache.catalina.core.ApplicationFilterChain.doFilter(ApplicationFilterChain.java:138)
	at org.springframework.web.filter.CharacterEncodingFilter.doFilterInternal(CharacterEncodingFilter.java:201)
	at org.springframework.web.filter.OncePerRequestFilter.doFilter(OncePerRequestFilter.java:116)
	at org.apache.catalina.core.ApplicationFilterChain.internalDoFilter(ApplicationFilterChain.java:162)
	at org.apache.catalina.core.ApplicationFilterChain.doFilter(ApplicationFilterChain.java:138)
	at com.cm.filter.RequestResponseLoggingFilter.doFilterInternal(RequestResponseLoggingFilter.java:49)
	at org.springframework.web.filter.OncePerRequestFilter.doFilter(OncePerRequestFilter.java:116)
	at org.apache.catalina.core.ApplicationFilterChain.internalDoFilter(ApplicationFilterChain.java:162)
	at org.apache.catalina.core.ApplicationFilterChain.doFilter(ApplicationFilterChain.java:138)
	at org.apache.catalina.core.StandardWrapperValve.invoke(StandardWrapperValve.java:165)
	at org.apache.catalina.core.StandardContextValve.invoke(StandardContextValve.java:88)
	at org.apache.catalina.authenticator.AuthenticatorBase.invoke(AuthenticatorBase.java:492)
	at org.apache.catalina.core.StandardHostValve.invoke(StandardHostValve.java:113)
	at org.apache.catalina.valves.ErrorReportValve.invoke(ErrorReportValve.java:83)
	at org.apache.catalina.core.StandardEngineValve.invoke(StandardEngineValve.java:72)
	at org.apache.catalina.connector.CoyoteAdapter.service(CoyoteAdapter.java:342)
	at org.apache.coyote.http11.Http11Processor.service(Http11Processor.java:399)
	at org.apache.coyote.AbstractProcessorLight.process(AbstractProcessorLight.java:63)
	at org.apache.coyote.AbstractProtocol$ConnectionHandler.process(AbstractProtocol.java:903)
	at org.apache.tomcat.util.net.NioEndpoint$SocketProcessor.doRun(NioEndpoint.java:1775)
	at org.apache.tomcat.util.net.SocketProcessorBase.run(SocketProcessorBase.java:52)
	at org.apache.tomcat.util.threads.ThreadPoolExecutor.runWorker(ThreadPoolExecutor.java:973)
	at org.apache.tomcat.util.threads.ThreadPoolExecutor$Worker.run(ThreadPoolExecutor.java:491)
	at org.apache.tomcat.util.threads.TaskThread$WrappingRunnable.run(TaskThread.java:63)
	at java.base/java.lang.Thread.run(Thread.java:1595)
2026-06-27 14:23:32.147 [http-nio-8080-exec-8] ERROR c.c.exception.GlobalExceptionHandler - Unexpected error occurred
org.springframework.web.servlet.resource.NoResourceFoundException: No static resource api/v1/api/mock/countries/malaysia.
	at org.springframework.web.servlet.resource.ResourceHttpRequestHandler.handleRequest(ResourceHttpRequestHandler.java:585)
	at org.springframework.web.servlet.mvc.HttpRequestHandlerAdapter.handle(HttpRequestHandlerAdapter.java:52)
	at org.springframework.web.servlet.DispatcherServlet.doDispatch(DispatcherServlet.java:1089)
	at org.springframework.web.servlet.DispatcherServlet.doService(DispatcherServlet.java:979)
	at org.springframework.web.servlet.FrameworkServlet.processRequest(FrameworkServlet.java:1014)
	at org.springframework.web.servlet.FrameworkServlet.doGet(FrameworkServlet.java:903)
	at jakarta.servlet.http.HttpServlet.service(HttpServlet.java:564)
	at org.springframework.web.servlet.FrameworkServlet.service(FrameworkServlet.java:885)
	at jakarta.servlet.http.HttpServlet.service(HttpServlet.java:658)
	at org.apache.catalina.core.ApplicationFilterChain.internalDoFilter(ApplicationFilterChain.java:193)
	at org.apache.catalina.core.ApplicationFilterChain.doFilter(ApplicationFilterChain.java:138)
	at org.apache.tomcat.websocket.server.WsFilter.doFilter(WsFilter.java:51)
	at org.apache.catalina.core.ApplicationFilterChain.internalDoFilter(ApplicationFilterChain.java:162)
	at org.apache.catalina.core.ApplicationFilterChain.doFilter(ApplicationFilterChain.java:138)
	at org.springframework.web.filter.RequestContextFilter.doFilterInternal(RequestContextFilter.java:100)
	at org.springframework.web.filter.OncePerRequestFilter.doFilter(OncePerRequestFilter.java:116)
	at org.apache.catalina.core.ApplicationFilterChain.internalDoFilter(ApplicationFilterChain.java:162)
	at org.apache.catalina.core.ApplicationFilterChain.doFilter(ApplicationFilterChain.java:138)
	at org.springframework.web.filter.FormContentFilter.doFilterInternal(FormContentFilter.java:93)
	at org.springframework.web.filter.OncePerRequestFilter.doFilter(OncePerRequestFilter.java:116)
	at org.apache.catalina.core.ApplicationFilterChain.internalDoFilter(ApplicationFilterChain.java:162)
	at org.apache.catalina.core.ApplicationFilterChain.doFilter(ApplicationFilterChain.java:138)
	at org.springframework.web.filter.CharacterEncodingFilter.doFilterInternal(CharacterEncodingFilter.java:201)
	at org.springframework.web.filter.OncePerRequestFilter.doFilter(OncePerRequestFilter.java:116)
	at org.apache.catalina.core.ApplicationFilterChain.internalDoFilter(ApplicationFilterChain.java:162)
	at org.apache.catalina.core.ApplicationFilterChain.doFilter(ApplicationFilterChain.java:138)
	at com.cm.filter.RequestResponseLoggingFilter.doFilterInternal(RequestResponseLoggingFilter.java:49)
	at org.springframework.web.filter.OncePerRequestFilter.doFilter(OncePerRequestFilter.java:116)
	at org.apache.catalina.core.ApplicationFilterChain.internalDoFilter(ApplicationFilterChain.java:162)
	at org.apache.catalina.core.ApplicationFilterChain.doFilter(ApplicationFilterChain.java:138)
	at org.apache.catalina.core.StandardWrapperValve.invoke(StandardWrapperValve.java:165)
	at org.apache.catalina.core.StandardContextValve.invoke(StandardContextValve.java:88)
	at org.apache.catalina.authenticator.AuthenticatorBase.invoke(AuthenticatorBase.java:492)
	at org.apache.catalina.core.StandardHostValve.invoke(StandardHostValve.java:113)
	at org.apache.catalina.valves.ErrorReportValve.invoke(ErrorReportValve.java:83)
	at org.apache.catalina.core.StandardEngineValve.invoke(StandardEngineValve.java:72)
	at org.apache.catalina.connector.CoyoteAdapter.service(CoyoteAdapter.java:342)
	at org.apache.coyote.http11.Http11Processor.service(Http11Processor.java:399)
	at org.apache.coyote.AbstractProcessorLight.process(AbstractProcessorLight.java:63)
	at org.apache.coyote.AbstractProtocol$ConnectionHandler.process(AbstractProtocol.java:903)
	at org.apache.tomcat.util.net.NioEndpoint$SocketProcessor.doRun(NioEndpoint.java:1775)
	at org.apache.tomcat.util.net.SocketProcessorBase.run(SocketProcessorBase.java:52)
	at org.apache.tomcat.util.threads.ThreadPoolExecutor.runWorker(ThreadPoolExecutor.java:973)
	at org.apache.tomcat.util.threads.ThreadPoolExecutor$Worker.run(ThreadPoolExecutor.java:491)
	at org.apache.tomcat.util.threads.TaskThread$WrappingRunnable.run(TaskThread.java:63)
	at java.base/java.lang.Thread.run(Thread.java:1595)
2026-06-27 14:30:04.501 [http-nio-8080-exec-10] ERROR c.c.exception.GlobalExceptionHandler - Unexpected error occurred
org.springframework.web.servlet.resource.NoResourceFoundException: No static resource api/v1/api/countries/malaysia.
	at org.springframework.web.servlet.resource.ResourceHttpRequestHandler.handleRequest(ResourceHttpRequestHandler.java:585)
	at org.springframework.web.servlet.mvc.HttpRequestHandlerAdapter.handle(HttpRequestHandlerAdapter.java:52)
	at org.springframework.web.servlet.DispatcherServlet.doDispatch(DispatcherServlet.java:1089)
	at org.springframework.web.servlet.DispatcherServlet.doService(DispatcherServlet.java:979)
	at org.springframework.web.servlet.FrameworkServlet.processRequest(FrameworkServlet.java:1014)
	at org.springframework.web.servlet.FrameworkServlet.doGet(FrameworkServlet.java:903)
	at jakarta.servlet.http.HttpServlet.service(HttpServlet.java:564)
	at org.springframework.web.servlet.FrameworkServlet.service(FrameworkServlet.java:885)
	at jakarta.servlet.http.HttpServlet.service(HttpServlet.java:658)
	at org.apache.catalina.core.ApplicationFilterChain.internalDoFilter(ApplicationFilterChain.java:193)
	at org.apache.catalina.core.ApplicationFilterChain.doFilter(ApplicationFilterChain.java:138)
	at org.apache.tomcat.websocket.server.WsFilter.doFilter(WsFilter.java:51)
	at org.apache.catalina.core.ApplicationFilterChain.internalDoFilter(ApplicationFilterChain.java:162)
	at org.apache.catalina.core.ApplicationFilterChain.doFilter(ApplicationFilterChain.java:138)
	at org.springframework.web.filter.RequestContextFilter.doFilterInternal(RequestContextFilter.java:100)
	at org.springframework.web.filter.OncePerRequestFilter.doFilter(OncePerRequestFilter.java:116)
	at org.apache.catalina.core.ApplicationFilterChain.internalDoFilter(ApplicationFilterChain.java:162)
	at org.apache.catalina.core.ApplicationFilterChain.doFilter(ApplicationFilterChain.java:138)
	at org.springframework.web.filter.FormContentFilter.doFilterInternal(FormContentFilter.java:93)
	at org.springframework.web.filter.OncePerRequestFilter.doFilter(OncePerRequestFilter.java:116)
	at org.apache.catalina.core.ApplicationFilterChain.internalDoFilter(ApplicationFilterChain.java:162)
	at org.apache.catalina.core.ApplicationFilterChain.doFilter(ApplicationFilterChain.java:138)
	at org.springframework.web.filter.CharacterEncodingFilter.doFilterInternal(CharacterEncodingFilter.java:201)
	at org.springframework.web.filter.OncePerRequestFilter.doFilter(OncePerRequestFilter.java:116)
	at org.apache.catalina.core.ApplicationFilterChain.internalDoFilter(ApplicationFilterChain.java:162)
	at org.apache.catalina.core.ApplicationFilterChain.doFilter(ApplicationFilterChain.java:138)
	at com.cm.filter.RequestResponseLoggingFilter.doFilterInternal(RequestResponseLoggingFilter.java:49)
	at org.springframework.web.filter.OncePerRequestFilter.doFilter(OncePerRequestFilter.java:116)
	at org.apache.catalina.core.ApplicationFilterChain.internalDoFilter(ApplicationFilterChain.java:162)
	at org.apache.catalina.core.ApplicationFilterChain.doFilter(ApplicationFilterChain.java:138)
	at org.apache.catalina.core.StandardWrapperValve.invoke(StandardWrapperValve.java:165)
	at org.apache.catalina.core.StandardContextValve.invoke(StandardContextValve.java:88)
	at org.apache.catalina.authenticator.AuthenticatorBase.invoke(AuthenticatorBase.java:492)
	at org.apache.catalina.core.StandardHostValve.invoke(StandardHostValve.java:113)
	at org.apache.catalina.valves.ErrorReportValve.invoke(ErrorReportValve.java:83)
	at org.apache.catalina.core.StandardEngineValve.invoke(StandardEngineValve.java:72)
	at org.apache.catalina.connector.CoyoteAdapter.service(CoyoteAdapter.java:342)
	at org.apache.coyote.http11.Http11Processor.service(Http11Processor.java:399)
	at org.apache.coyote.AbstractProcessorLight.process(AbstractProcessorLight.java:63)
	at org.apache.coyote.AbstractProtocol$ConnectionHandler.process(AbstractProtocol.java:903)
	at org.apache.tomcat.util.net.NioEndpoint$SocketProcessor.doRun(NioEndpoint.java:1775)
	at org.apache.tomcat.util.net.SocketProcessorBase.run(SocketProcessorBase.java:52)
	at org.apache.tomcat.util.threads.ThreadPoolExecutor.runWorker(ThreadPoolExecutor.java:973)
	at org.apache.tomcat.util.threads.ThreadPoolExecutor$Worker.run(ThreadPoolExecutor.java:491)
	at org.apache.tomcat.util.threads.TaskThread$WrappingRunnable.run(TaskThread.java:63)
	at java.base/java.lang.Thread.run(Thread.java:1595)
2026-06-27 14:34:15.988 [http-nio-8080-exec-2] INFO  c.c.service.impl.CustomerServiceImpl - Fetching customers -> page: 0, fixed pageSize: 10, sortBy: id, sortDir: asc
2026-06-27 14:35:54.810 [http-nio-8080-exec-5] INFO  c.c.service.impl.CustomerServiceImpl - Creating new customer with email: alex@example.com
2026-06-27 14:35:54.937 [http-nio-8080-exec-5] INFO  c.c.service.impl.CustomerServiceImpl - Customer created successfully -> id: 14
2026-06-27 14:36:02.652 [http-nio-8080-exec-6] ERROR c.c.exception.GlobalExceptionHandler - Unexpected error occurred
org.springframework.web.method.annotation.MethodArgumentTypeMismatchException: Method parameter 'id': Failed to convert value of type 'java.lang.String' to required type 'java.lang.Long'; For input string: "{customerId}"
	at org.springframework.web.method.annotation.AbstractNamedValueMethodArgumentResolver.convertIfNecessary(AbstractNamedValueMethodArgumentResolver.java:301)
	at org.springframework.web.method.annotation.AbstractNamedValueMethodArgumentResolver.resolveArgument(AbstractNamedValueMethodArgumentResolver.java:136)
	at org.springframework.web.method.support.HandlerMethodArgumentResolverComposite.resolveArgument(HandlerMethodArgumentResolverComposite.java:122)
	at org.springframework.web.method.support.InvocableHandlerMethod.getMethodArgumentValues(InvocableHandlerMethod.java:227)
	at org.springframework.web.method.support.InvocableHandlerMethod.invokeForRequest(InvocableHandlerMethod.java:181)
	at org.springframework.web.servlet.mvc.method.annotation.ServletInvocableHandlerMethod.invokeAndHandle(ServletInvocableHandlerMethod.java:118)
	at org.springframework.web.servlet.mvc.method.annotation.RequestMappingHandlerAdapter.invokeHandlerMethod(RequestMappingHandlerAdapter.java:991)
	at org.springframework.web.servlet.mvc.method.annotation.RequestMappingHandlerAdapter.handleInternal(RequestMappingHandlerAdapter.java:896)
	at org.springframework.web.servlet.mvc.method.AbstractHandlerMethodAdapter.handle(AbstractHandlerMethodAdapter.java:87)
	at org.springframework.web.servlet.DispatcherServlet.doDispatch(DispatcherServlet.java:1089)
	at org.springframework.web.servlet.DispatcherServlet.doService(DispatcherServlet.java:979)
	at org.springframework.web.servlet.FrameworkServlet.processRequest(FrameworkServlet.java:1014)
	at org.springframework.web.servlet.FrameworkServlet.doPut(FrameworkServlet.java:925)
	at jakarta.servlet.http.HttpServlet.service(HttpServlet.java:593)
	at org.springframework.web.servlet.FrameworkServlet.service(FrameworkServlet.java:885)
	at jakarta.servlet.http.HttpServlet.service(HttpServlet.java:658)
	at org.apache.catalina.core.ApplicationFilterChain.internalDoFilter(ApplicationFilterChain.java:193)
	at org.apache.catalina.core.ApplicationFilterChain.doFilter(ApplicationFilterChain.java:138)
	at org.apache.tomcat.websocket.server.WsFilter.doFilter(WsFilter.java:51)
	at org.apache.catalina.core.ApplicationFilterChain.internalDoFilter(ApplicationFilterChain.java:162)
	at org.apache.catalina.core.ApplicationFilterChain.doFilter(ApplicationFilterChain.java:138)
	at org.springframework.web.filter.RequestContextFilter.doFilterInternal(RequestContextFilter.java:100)
	at org.springframework.web.filter.OncePerRequestFilter.doFilter(OncePerRequestFilter.java:116)
	at org.apache.catalina.core.ApplicationFilterChain.internalDoFilter(ApplicationFilterChain.java:162)
	at org.apache.catalina.core.ApplicationFilterChain.doFilter(ApplicationFilterChain.java:138)
	at org.springframework.web.filter.FormContentFilter.doFilterInternal(FormContentFilter.java:93)
	at org.springframework.web.filter.OncePerRequestFilter.doFilter(OncePerRequestFilter.java:116)
	at org.apache.catalina.core.ApplicationFilterChain.internalDoFilter(ApplicationFilterChain.java:162)
	at org.apache.catalina.core.ApplicationFilterChain.doFilter(ApplicationFilterChain.java:138)
	at org.springframework.web.filter.CharacterEncodingFilter.doFilterInternal(CharacterEncodingFilter.java:201)
	at org.springframework.web.filter.OncePerRequestFilter.doFilter(OncePerRequestFilter.java:116)
	at org.apache.catalina.core.ApplicationFilterChain.internalDoFilter(ApplicationFilterChain.java:162)
	at org.apache.catalina.core.ApplicationFilterChain.doFilter(ApplicationFilterChain.java:138)
	at com.cm.filter.RequestResponseLoggingFilter.doFilterInternal(RequestResponseLoggingFilter.java:49)
	at org.springframework.web.filter.OncePerRequestFilter.doFilter(OncePerRequestFilter.java:116)
	at org.apache.catalina.core.ApplicationFilterChain.internalDoFilter(ApplicationFilterChain.java:162)
	at org.apache.catalina.core.ApplicationFilterChain.doFilter(ApplicationFilterChain.java:138)
	at org.apache.catalina.core.StandardWrapperValve.invoke(StandardWrapperValve.java:165)
	at org.apache.catalina.core.StandardContextValve.invoke(StandardContextValve.java:88)
	at org.apache.catalina.authenticator.AuthenticatorBase.invoke(AuthenticatorBase.java:492)
	at org.apache.catalina.core.StandardHostValve.invoke(StandardHostValve.java:113)
	at org.apache.catalina.valves.ErrorReportValve.invoke(ErrorReportValve.java:83)
	at org.apache.catalina.core.StandardEngineValve.invoke(StandardEngineValve.java:72)
	at org.apache.catalina.connector.CoyoteAdapter.service(CoyoteAdapter.java:342)
	at org.apache.coyote.http11.Http11Processor.service(Http11Processor.java:399)
	at org.apache.coyote.AbstractProcessorLight.process(AbstractProcessorLight.java:63)
	at org.apache.coyote.AbstractProtocol$ConnectionHandler.process(AbstractProtocol.java:903)
	at org.apache.tomcat.util.net.NioEndpoint$SocketProcessor.doRun(NioEndpoint.java:1775)
	at org.apache.tomcat.util.net.SocketProcessorBase.run(SocketProcessorBase.java:52)
	at org.apache.tomcat.util.threads.ThreadPoolExecutor.runWorker(ThreadPoolExecutor.java:973)
	at org.apache.tomcat.util.threads.ThreadPoolExecutor$Worker.run(ThreadPoolExecutor.java:491)
	at org.apache.tomcat.util.threads.TaskThread$WrappingRunnable.run(TaskThread.java:63)
	at java.base/java.lang.Thread.run(Thread.java:1595)
Caused by: java.lang.NumberFormatException: For input string: "{customerId}"
	at java.base/java.lang.NumberFormatException.forInputString(NumberFormatException.java:67)
	at java.base/java.lang.Long.parseLong(Long.java:709)
	at java.base/java.lang.Long.valueOf(Long.java:1157)
	at org.springframework.util.NumberUtils.parseNumber(NumberUtils.java:204)
	at org.springframework.beans.propertyeditors.CustomNumberEditor.setAsText(CustomNumberEditor.java:115)
	at org.springframework.beans.TypeConverterDelegate.doConvertTextValue(TypeConverterDelegate.java:439)
	at org.springframework.beans.TypeConverterDelegate.doConvertValue(TypeConverterDelegate.java:412)
	at org.springframework.beans.TypeConverterDelegate.convertIfNecessary(TypeConverterDelegate.java:161)
	at org.springframework.beans.TypeConverterSupport.convertIfNecessary(TypeConverterSupport.java:80)
	at org.springframework.beans.TypeConverterSupport.convertIfNecessary(TypeConverterSupport.java:53)
	at org.springframework.validation.DataBinder.convertIfNecessary(DataBinder.java:867)
	at org.springframework.web.method.annotation.AbstractNamedValueMethodArgumentResolver.convertIfNecessary(AbstractNamedValueMethodArgumentResolver.java:293)
	... 52 common frames omitted
2026-06-27 14:37:24.378 [http-nio-8080-exec-8] INFO  c.c.service.impl.CustomerServiceImpl - Creating new customer with email: alex@example.com
2026-06-27 14:37:24.391 [http-nio-8080-exec-8] ERROR c.c.exception.GlobalExceptionHandler - Duplicate resource: Customer already exists with email: alex@example.com
2026-06-27 14:37:38.536 [http-nio-8080-exec-9] INFO  c.c.service.impl.CustomerServiceImpl - Creating new customer with email: alex2@example.com
2026-06-27 14:37:38.548 [http-nio-8080-exec-9] INFO  c.c.service.impl.CustomerServiceImpl - Customer created successfully -> id: 15
2026-06-27 14:37:45.296 [http-nio-8080-exec-10] ERROR c.c.exception.GlobalExceptionHandler - Unexpected error occurred
org.springframework.web.method.annotation.MethodArgumentTypeMismatchException: Method parameter 'id': Failed to convert value of type 'java.lang.String' to required type 'java.lang.Long'; For input string: "{customerId}"
	at org.springframework.web.method.annotation.AbstractNamedValueMethodArgumentResolver.convertIfNecessary(AbstractNamedValueMethodArgumentResolver.java:301)
	at org.springframework.web.method.annotation.AbstractNamedValueMethodArgumentResolver.resolveArgument(AbstractNamedValueMethodArgumentResolver.java:136)
	at org.springframework.web.method.support.HandlerMethodArgumentResolverComposite.resolveArgument(HandlerMethodArgumentResolverComposite.java:122)
	at org.springframework.web.method.support.InvocableHandlerMethod.getMethodArgumentValues(InvocableHandlerMethod.java:227)
	at org.springframework.web.method.support.InvocableHandlerMethod.invokeForRequest(InvocableHandlerMethod.java:181)
	at org.springframework.web.servlet.mvc.method.annotation.ServletInvocableHandlerMethod.invokeAndHandle(ServletInvocableHandlerMethod.java:118)
	at org.springframework.web.servlet.mvc.method.annotation.RequestMappingHandlerAdapter.invokeHandlerMethod(RequestMappingHandlerAdapter.java:991)
	at org.springframework.web.servlet.mvc.method.annotation.RequestMappingHandlerAdapter.handleInternal(RequestMappingHandlerAdapter.java:896)
	at org.springframework.web.servlet.mvc.method.AbstractHandlerMethodAdapter.handle(AbstractHandlerMethodAdapter.java:87)
	at org.springframework.web.servlet.DispatcherServlet.doDispatch(DispatcherServlet.java:1089)
	at org.springframework.web.servlet.DispatcherServlet.doService(DispatcherServlet.java:979)
	at org.springframework.web.servlet.FrameworkServlet.processRequest(FrameworkServlet.java:1014)
	at org.springframework.web.servlet.FrameworkServlet.doPut(FrameworkServlet.java:925)
	at jakarta.servlet.http.HttpServlet.service(HttpServlet.java:593)
	at org.springframework.web.servlet.FrameworkServlet.service(FrameworkServlet.java:885)
	at jakarta.servlet.http.HttpServlet.service(HttpServlet.java:658)
	at org.apache.catalina.core.ApplicationFilterChain.internalDoFilter(ApplicationFilterChain.java:193)
	at org.apache.catalina.core.ApplicationFilterChain.doFilter(ApplicationFilterChain.java:138)
	at org.apache.tomcat.websocket.server.WsFilter.doFilter(WsFilter.java:51)
	at org.apache.catalina.core.ApplicationFilterChain.internalDoFilter(ApplicationFilterChain.java:162)
	at org.apache.catalina.core.ApplicationFilterChain.doFilter(ApplicationFilterChain.java:138)
	at org.springframework.web.filter.RequestContextFilter.doFilterInternal(RequestContextFilter.java:100)
	at org.springframework.web.filter.OncePerRequestFilter.doFilter(OncePerRequestFilter.java:116)
	at org.apache.catalina.core.ApplicationFilterChain.internalDoFilter(ApplicationFilterChain.java:162)
	at org.apache.catalina.core.ApplicationFilterChain.doFilter(ApplicationFilterChain.java:138)
	at org.springframework.web.filter.FormContentFilter.doFilterInternal(FormContentFilter.java:93)
	at org.springframework.web.filter.OncePerRequestFilter.doFilter(OncePerRequestFilter.java:116)
	at org.apache.catalina.core.ApplicationFilterChain.internalDoFilter(ApplicationFilterChain.java:162)
	at org.apache.catalina.core.ApplicationFilterChain.doFilter(ApplicationFilterChain.java:138)
	at org.springframework.web.filter.CharacterEncodingFilter.doFilterInternal(CharacterEncodingFilter.java:201)
	at org.springframework.web.filter.OncePerRequestFilter.doFilter(OncePerRequestFilter.java:116)
	at org.apache.catalina.core.ApplicationFilterChain.internalDoFilter(ApplicationFilterChain.java:162)
	at org.apache.catalina.core.ApplicationFilterChain.doFilter(ApplicationFilterChain.java:138)
	at com.cm.filter.RequestResponseLoggingFilter.doFilterInternal(RequestResponseLoggingFilter.java:49)
	at org.springframework.web.filter.OncePerRequestFilter.doFilter(OncePerRequestFilter.java:116)
	at org.apache.catalina.core.ApplicationFilterChain.internalDoFilter(ApplicationFilterChain.java:162)
	at org.apache.catalina.core.ApplicationFilterChain.doFilter(ApplicationFilterChain.java:138)
	at org.apache.catalina.core.StandardWrapperValve.invoke(StandardWrapperValve.java:165)
	at org.apache.catalina.core.StandardContextValve.invoke(StandardContextValve.java:88)
	at org.apache.catalina.authenticator.AuthenticatorBase.invoke(AuthenticatorBase.java:492)
	at org.apache.catalina.core.StandardHostValve.invoke(StandardHostValve.java:113)
	at org.apache.catalina.valves.ErrorReportValve.invoke(ErrorReportValve.java:83)
	at org.apache.catalina.core.StandardEngineValve.invoke(StandardEngineValve.java:72)
	at org.apache.catalina.connector.CoyoteAdapter.service(CoyoteAdapter.java:342)
	at org.apache.coyote.http11.Http11Processor.service(Http11Processor.java:399)
	at org.apache.coyote.AbstractProcessorLight.process(AbstractProcessorLight.java:63)
	at org.apache.coyote.AbstractProtocol$ConnectionHandler.process(AbstractProtocol.java:903)
	at org.apache.tomcat.util.net.NioEndpoint$SocketProcessor.doRun(NioEndpoint.java:1775)
	at org.apache.tomcat.util.net.SocketProcessorBase.run(SocketProcessorBase.java:52)
	at org.apache.tomcat.util.threads.ThreadPoolExecutor.runWorker(ThreadPoolExecutor.java:973)
	at org.apache.tomcat.util.threads.ThreadPoolExecutor$Worker.run(ThreadPoolExecutor.java:491)
	at org.apache.tomcat.util.threads.TaskThread$WrappingRunnable.run(TaskThread.java:63)
	at java.base/java.lang.Thread.run(Thread.java:1595)
Caused by: java.lang.NumberFormatException: For input string: "{customerId}"
	at java.base/java.lang.NumberFormatException.forInputString(NumberFormatException.java:67)
	at java.base/java.lang.Long.parseLong(Long.java:709)
	at java.base/java.lang.Long.valueOf(Long.java:1157)
	at org.springframework.util.NumberUtils.parseNumber(NumberUtils.java:204)
	at org.springframework.beans.propertyeditors.CustomNumberEditor.setAsText(CustomNumberEditor.java:115)
	at org.springframework.beans.TypeConverterDelegate.doConvertTextValue(TypeConverterDelegate.java:439)
	at org.springframework.beans.TypeConverterDelegate.doConvertValue(TypeConverterDelegate.java:412)
	at org.springframework.beans.TypeConverterDelegate.convertIfNecessary(TypeConverterDelegate.java:161)
	at org.springframework.beans.TypeConverterSupport.convertIfNecessary(TypeConverterSupport.java:80)
	at org.springframework.beans.TypeConverterSupport.convertIfNecessary(TypeConverterSupport.java:53)
	at org.springframework.validation.DataBinder.convertIfNecessary(DataBinder.java:867)
	at org.springframework.web.method.annotation.AbstractNamedValueMethodArgumentResolver.convertIfNecessary(AbstractNamedValueMethodArgumentResolver.java:293)
	... 52 common frames omitted
2026-06-27 14:39:00.062 [http-nio-8080-exec-2] INFO  c.c.service.impl.CustomerServiceImpl - Creating new customer with email: alex2@example.com
2026-06-27 14:39:00.070 [http-nio-8080-exec-2] ERROR c.c.exception.GlobalExceptionHandler - Duplicate resource: Customer already exists with email: alex2@example.com
2026-06-27 14:39:16.394 [http-nio-8080-exec-3] INFO  c.c.service.impl.CustomerServiceImpl - Updating customer with id: 15
2026-06-27 14:39:16.420 [http-nio-8080-exec-3] INFO  c.c.service.impl.CustomerServiceImpl - Customer updated successfully -> id: 15
2026-06-27 14:40:08.384 [http-nio-8080-exec-4] INFO  c.c.service.impl.CustomerServiceImpl - Fetching customer with id: 15
2026-06-27 14:40:15.363 [http-nio-8080-exec-5] INFO  c.c.service.impl.CustomerServiceImpl - Fetching customers -> page: 0, fixed pageSize: 10, sortBy: id, sortDir: asc
2026-06-27 14:40:21.163 [http-nio-8080-exec-6] ERROR c.c.exception.GlobalExceptionHandler - Unexpected error occurred
org.springframework.web.method.annotation.MethodArgumentTypeMismatchException: Method parameter 'id': Failed to convert value of type 'java.lang.String' to required type 'java.lang.Long'; For input string: "{customerId}"
	at org.springframework.web.method.annotation.AbstractNamedValueMethodArgumentResolver.convertIfNecessary(AbstractNamedValueMethodArgumentResolver.java:301)
	at org.springframework.web.method.annotation.AbstractNamedValueMethodArgumentResolver.resolveArgument(AbstractNamedValueMethodArgumentResolver.java:136)
	at org.springframework.web.method.support.HandlerMethodArgumentResolverComposite.resolveArgument(HandlerMethodArgumentResolverComposite.java:122)
	at org.springframework.web.method.support.InvocableHandlerMethod.getMethodArgumentValues(InvocableHandlerMethod.java:227)
	at org.springframework.web.method.support.InvocableHandlerMethod.invokeForRequest(InvocableHandlerMethod.java:181)
	at org.springframework.web.servlet.mvc.method.annotation.ServletInvocableHandlerMethod.invokeAndHandle(ServletInvocableHandlerMethod.java:118)
	at org.springframework.web.servlet.mvc.method.annotation.RequestMappingHandlerAdapter.invokeHandlerMethod(RequestMappingHandlerAdapter.java:991)
	at org.springframework.web.servlet.mvc.method.annotation.RequestMappingHandlerAdapter.handleInternal(RequestMappingHandlerAdapter.java:896)
	at org.springframework.web.servlet.mvc.method.AbstractHandlerMethodAdapter.handle(AbstractHandlerMethodAdapter.java:87)
	at org.springframework.web.servlet.DispatcherServlet.doDispatch(DispatcherServlet.java:1089)
	at org.springframework.web.servlet.DispatcherServlet.doService(DispatcherServlet.java:979)
	at org.springframework.web.servlet.FrameworkServlet.processRequest(FrameworkServlet.java:1014)
	at org.springframework.web.servlet.FrameworkServlet.doGet(FrameworkServlet.java:903)
	at jakarta.servlet.http.HttpServlet.service(HttpServlet.java:564)
	at org.springframework.web.servlet.FrameworkServlet.service(FrameworkServlet.java:885)
	at jakarta.servlet.http.HttpServlet.service(HttpServlet.java:658)
	at org.apache.catalina.core.ApplicationFilterChain.internalDoFilter(ApplicationFilterChain.java:193)
	at org.apache.catalina.core.ApplicationFilterChain.doFilter(ApplicationFilterChain.java:138)
	at org.apache.tomcat.websocket.server.WsFilter.doFilter(WsFilter.java:51)
	at org.apache.catalina.core.ApplicationFilterChain.internalDoFilter(ApplicationFilterChain.java:162)
	at org.apache.catalina.core.ApplicationFilterChain.doFilter(ApplicationFilterChain.java:138)
	at org.springframework.web.filter.RequestContextFilter.doFilterInternal(RequestContextFilter.java:100)
	at org.springframework.web.filter.OncePerRequestFilter.doFilter(OncePerRequestFilter.java:116)
	at org.apache.catalina.core.ApplicationFilterChain.internalDoFilter(ApplicationFilterChain.java:162)
	at org.apache.catalina.core.ApplicationFilterChain.doFilter(ApplicationFilterChain.java:138)
	at org.springframework.web.filter.FormContentFilter.doFilterInternal(FormContentFilter.java:93)
	at org.springframework.web.filter.OncePerRequestFilter.doFilter(OncePerRequestFilter.java:116)
	at org.apache.catalina.core.ApplicationFilterChain.internalDoFilter(ApplicationFilterChain.java:162)
	at org.apache.catalina.core.ApplicationFilterChain.doFilter(ApplicationFilterChain.java:138)
	at org.springframework.web.filter.CharacterEncodingFilter.doFilterInternal(CharacterEncodingFilter.java:201)
	at org.springframework.web.filter.OncePerRequestFilter.doFilter(OncePerRequestFilter.java:116)
	at org.apache.catalina.core.ApplicationFilterChain.internalDoFilter(ApplicationFilterChain.java:162)
	at org.apache.catalina.core.ApplicationFilterChain.doFilter(ApplicationFilterChain.java:138)
	at com.cm.filter.RequestResponseLoggingFilter.doFilterInternal(RequestResponseLoggingFilter.java:49)
	at org.springframework.web.filter.OncePerRequestFilter.doFilter(OncePerRequestFilter.java:116)
	at org.apache.catalina.core.ApplicationFilterChain.internalDoFilter(ApplicationFilterChain.java:162)
	at org.apache.catalina.core.ApplicationFilterChain.doFilter(ApplicationFilterChain.java:138)
	at org.apache.catalina.core.StandardWrapperValve.invoke(StandardWrapperValve.java:165)
	at org.apache.catalina.core.StandardContextValve.invoke(StandardContextValve.java:88)
	at org.apache.catalina.authenticator.AuthenticatorBase.invoke(AuthenticatorBase.java:492)
	at org.apache.catalina.core.StandardHostValve.invoke(StandardHostValve.java:113)
	at org.apache.catalina.valves.ErrorReportValve.invoke(ErrorReportValve.java:83)
	at org.apache.catalina.core.StandardEngineValve.invoke(StandardEngineValve.java:72)
	at org.apache.catalina.connector.CoyoteAdapter.service(CoyoteAdapter.java:342)
	at org.apache.coyote.http11.Http11Processor.service(Http11Processor.java:399)
	at org.apache.coyote.AbstractProcessorLight.process(AbstractProcessorLight.java:63)
	at org.apache.coyote.AbstractProtocol$ConnectionHandler.process(AbstractProtocol.java:903)
	at org.apache.tomcat.util.net.NioEndpoint$SocketProcessor.doRun(NioEndpoint.java:1775)
	at org.apache.tomcat.util.net.SocketProcessorBase.run(SocketProcessorBase.java:52)
	at org.apache.tomcat.util.threads.ThreadPoolExecutor.runWorker(ThreadPoolExecutor.java:973)
	at org.apache.tomcat.util.threads.ThreadPoolExecutor$Worker.run(ThreadPoolExecutor.java:491)
	at org.apache.tomcat.util.threads.TaskThread$WrappingRunnable.run(TaskThread.java:63)
	at java.base/java.lang.Thread.run(Thread.java:1595)
Caused by: java.lang.NumberFormatException: For input string: "{customerId}"
	at java.base/java.lang.NumberFormatException.forInputString(NumberFormatException.java:67)
	at java.base/java.lang.Long.parseLong(Long.java:709)
	at java.base/java.lang.Long.valueOf(Long.java:1157)
	at org.springframework.util.NumberUtils.parseNumber(NumberUtils.java:204)
	at org.springframework.beans.propertyeditors.CustomNumberEditor.setAsText(CustomNumberEditor.java:115)
	at org.springframework.beans.TypeConverterDelegate.doConvertTextValue(TypeConverterDelegate.java:439)
	at org.springframework.beans.TypeConverterDelegate.doConvertValue(TypeConverterDelegate.java:412)
	at org.springframework.beans.TypeConverterDelegate.convertIfNecessary(TypeConverterDelegate.java:161)
	at org.springframework.beans.TypeConverterSupport.convertIfNecessary(TypeConverterSupport.java:80)
	at org.springframework.beans.TypeConverterSupport.convertIfNecessary(TypeConverterSupport.java:53)
	at org.springframework.validation.DataBinder.convertIfNecessary(DataBinder.java:867)
	at org.springframework.web.method.annotation.AbstractNamedValueMethodArgumentResolver.convertIfNecessary(AbstractNamedValueMethodArgumentResolver.java:293)
	... 52 common frames omitted
2026-06-27 14:40:37.059 [http-nio-8080-exec-8] INFO  c.c.service.impl.CustomerServiceImpl - Fetching enriched customer data for id: 15
2026-06-27 14:40:37.061 [http-nio-8080-exec-8] INFO  c.c.service.impl.CustomerServiceImpl - Customer found (country: Malaysia). Now calling 3rd-party API to enrich data.
2026-06-27 14:40:37.061 [http-nio-8080-exec-8] INFO  c.c.s.c.impl.CountryServiceClient - Calling internal mock country API [GET] http://localhost:8080/api/mock/countries/Malaysia
2026-06-27 14:40:42.984 [http-nio-8080-exec-10] ERROR c.c.exception.GlobalExceptionHandler - Unexpected error occurred
org.springframework.web.method.annotation.MethodArgumentTypeMismatchException: Method parameter 'id': Failed to convert value of type 'java.lang.String' to required type 'java.lang.Long'; For input string: "{customerId}"
	at org.springframework.web.method.annotation.AbstractNamedValueMethodArgumentResolver.convertIfNecessary(AbstractNamedValueMethodArgumentResolver.java:301)
	at org.springframework.web.method.annotation.AbstractNamedValueMethodArgumentResolver.resolveArgument(AbstractNamedValueMethodArgumentResolver.java:136)
	at org.springframework.web.method.support.HandlerMethodArgumentResolverComposite.resolveArgument(HandlerMethodArgumentResolverComposite.java:122)
	at org.springframework.web.method.support.InvocableHandlerMethod.getMethodArgumentValues(InvocableHandlerMethod.java:227)
	at org.springframework.web.method.support.InvocableHandlerMethod.invokeForRequest(InvocableHandlerMethod.java:181)
	at org.springframework.web.servlet.mvc.method.annotation.ServletInvocableHandlerMethod.invokeAndHandle(ServletInvocableHandlerMethod.java:118)
	at org.springframework.web.servlet.mvc.method.annotation.RequestMappingHandlerAdapter.invokeHandlerMethod(RequestMappingHandlerAdapter.java:991)
	at org.springframework.web.servlet.mvc.method.annotation.RequestMappingHandlerAdapter.handleInternal(RequestMappingHandlerAdapter.java:896)
	at org.springframework.web.servlet.mvc.method.AbstractHandlerMethodAdapter.handle(AbstractHandlerMethodAdapter.java:87)
	at org.springframework.web.servlet.DispatcherServlet.doDispatch(DispatcherServlet.java:1089)
	at org.springframework.web.servlet.DispatcherServlet.doService(DispatcherServlet.java:979)
	at org.springframework.web.servlet.FrameworkServlet.processRequest(FrameworkServlet.java:1014)
	at org.springframework.web.servlet.FrameworkServlet.doDelete(FrameworkServlet.java:936)
	at jakarta.servlet.http.HttpServlet.service(HttpServlet.java:596)
	at org.springframework.web.servlet.FrameworkServlet.service(FrameworkServlet.java:885)
	at jakarta.servlet.http.HttpServlet.service(HttpServlet.java:658)
	at org.apache.catalina.core.ApplicationFilterChain.internalDoFilter(ApplicationFilterChain.java:193)
	at org.apache.catalina.core.ApplicationFilterChain.doFilter(ApplicationFilterChain.java:138)
	at org.apache.tomcat.websocket.server.WsFilter.doFilter(WsFilter.java:51)
	at org.apache.catalina.core.ApplicationFilterChain.internalDoFilter(ApplicationFilterChain.java:162)
	at org.apache.catalina.core.ApplicationFilterChain.doFilter(ApplicationFilterChain.java:138)
	at org.springframework.web.filter.RequestContextFilter.doFilterInternal(RequestContextFilter.java:100)
	at org.springframework.web.filter.OncePerRequestFilter.doFilter(OncePerRequestFilter.java:116)
	at org.apache.catalina.core.ApplicationFilterChain.internalDoFilter(ApplicationFilterChain.java:162)
	at org.apache.catalina.core.ApplicationFilterChain.doFilter(ApplicationFilterChain.java:138)
	at org.springframework.web.filter.FormContentFilter.doFilterInternal(FormContentFilter.java:93)
	at org.springframework.web.filter.OncePerRequestFilter.doFilter(OncePerRequestFilter.java:116)
	at org.apache.catalina.core.ApplicationFilterChain.internalDoFilter(ApplicationFilterChain.java:162)
	at org.apache.catalina.core.ApplicationFilterChain.doFilter(ApplicationFilterChain.java:138)
	at org.springframework.web.filter.CharacterEncodingFilter.doFilterInternal(CharacterEncodingFilter.java:201)
	at org.springframework.web.filter.OncePerRequestFilter.doFilter(OncePerRequestFilter.java:116)
	at org.apache.catalina.core.ApplicationFilterChain.internalDoFilter(ApplicationFilterChain.java:162)
	at org.apache.catalina.core.ApplicationFilterChain.doFilter(ApplicationFilterChain.java:138)
	at com.cm.filter.RequestResponseLoggingFilter.doFilterInternal(RequestResponseLoggingFilter.java:49)
	at org.springframework.web.filter.OncePerRequestFilter.doFilter(OncePerRequestFilter.java:116)
	at org.apache.catalina.core.ApplicationFilterChain.internalDoFilter(ApplicationFilterChain.java:162)
	at org.apache.catalina.core.ApplicationFilterChain.doFilter(ApplicationFilterChain.java:138)
	at org.apache.catalina.core.StandardWrapperValve.invoke(StandardWrapperValve.java:165)
	at org.apache.catalina.core.StandardContextValve.invoke(StandardContextValve.java:88)
	at org.apache.catalina.authenticator.AuthenticatorBase.invoke(AuthenticatorBase.java:492)
	at org.apache.catalina.core.StandardHostValve.invoke(StandardHostValve.java:113)
	at org.apache.catalina.valves.ErrorReportValve.invoke(ErrorReportValve.java:83)
	at org.apache.catalina.core.StandardEngineValve.invoke(StandardEngineValve.java:72)
	at org.apache.catalina.connector.CoyoteAdapter.service(CoyoteAdapter.java:342)
	at org.apache.coyote.http11.Http11Processor.service(Http11Processor.java:399)
	at org.apache.coyote.AbstractProcessorLight.process(AbstractProcessorLight.java:63)
	at org.apache.coyote.AbstractProtocol$ConnectionHandler.process(AbstractProtocol.java:903)
	at org.apache.tomcat.util.net.NioEndpoint$SocketProcessor.doRun(NioEndpoint.java:1775)
	at org.apache.tomcat.util.net.SocketProcessorBase.run(SocketProcessorBase.java:52)
	at org.apache.tomcat.util.threads.ThreadPoolExecutor.runWorker(ThreadPoolExecutor.java:973)
	at org.apache.tomcat.util.threads.ThreadPoolExecutor$Worker.run(ThreadPoolExecutor.java:491)
	at org.apache.tomcat.util.threads.TaskThread$WrappingRunnable.run(TaskThread.java:63)
	at java.base/java.lang.Thread.run(Thread.java:1595)
Caused by: java.lang.NumberFormatException: For input string: "{customerId}"
	at java.base/java.lang.NumberFormatException.forInputString(NumberFormatException.java:67)
	at java.base/java.lang.Long.parseLong(Long.java:709)
	at java.base/java.lang.Long.valueOf(Long.java:1157)
	at org.springframework.util.NumberUtils.parseNumber(NumberUtils.java:204)
	at org.springframework.beans.propertyeditors.CustomNumberEditor.setAsText(CustomNumberEditor.java:115)
	at org.springframework.beans.TypeConverterDelegate.doConvertTextValue(TypeConverterDelegate.java:439)
	at org.springframework.beans.TypeConverterDelegate.doConvertValue(TypeConverterDelegate.java:412)
	at org.springframework.beans.TypeConverterDelegate.convertIfNecessary(TypeConverterDelegate.java:161)
	at org.springframework.beans.TypeConverterSupport.convertIfNecessary(TypeConverterSupport.java:80)
	at org.springframework.beans.TypeConverterSupport.convertIfNecessary(TypeConverterSupport.java:53)
	at org.springframework.validation.DataBinder.convertIfNecessary(DataBinder.java:867)
	at org.springframework.web.method.annotation.AbstractNamedValueMethodArgumentResolver.convertIfNecessary(AbstractNamedValueMethodArgumentResolver.java:293)
	... 52 common frames omitted
2026-06-27 14:40:51.735 [http-nio-8080-exec-2] INFO  c.c.service.impl.CustomerServiceImpl - Deleting customer with id: 15
2026-06-27 14:40:51.746 [http-nio-8080-exec-2] INFO  c.c.service.impl.CustomerServiceImpl - Customer deleted successfully -> id: 15
2026-06-27 14:45:40.571 [http-nio-8080-exec-6] INFO  c.c.service.impl.CustomerServiceImpl - Creating new customer with email: alex@example.com
2026-06-27 14:45:40.579 [http-nio-8080-exec-6] ERROR c.c.exception.GlobalExceptionHandler - Duplicate resource: Customer already exists with email: alex@example.com
2026-06-27 14:45:50.680 [http-nio-8080-exec-7] INFO  c.c.service.impl.CustomerServiceImpl - Creating new customer with email: alex3@example.com
2026-06-27 14:45:50.686 [http-nio-8080-exec-7] INFO  c.c.service.impl.CustomerServiceImpl - Customer created successfully -> id: 16
2026-06-27 14:45:58.366 [http-nio-8080-exec-9] INFO  c.c.service.impl.CustomerServiceImpl - Updating customer with id: 16
2026-06-27 14:45:58.376 [http-nio-8080-exec-9] INFO  c.c.service.impl.CustomerServiceImpl - Customer updated successfully -> id: 16
2026-06-27 14:46:02.302 [http-nio-8080-exec-8] INFO  c.c.service.impl.CustomerServiceImpl - Fetching customer with id: 16
2026-06-27 14:46:13.972 [http-nio-8080-exec-10] INFO  c.c.service.impl.CustomerServiceImpl - Fetching customers -> page: 0, fixed pageSize: 10, sortBy: id, sortDir: asc
2026-06-27 14:46:19.875 [http-nio-8080-exec-1] INFO  c.c.service.impl.CustomerServiceImpl - Fetching enriched customer data for id: 16
2026-06-27 14:46:19.880 [http-nio-8080-exec-1] INFO  c.c.service.impl.CustomerServiceImpl - Customer found (country: Malaysia). Now calling 3rd-party API to enrich data.
2026-06-27 14:46:19.881 [http-nio-8080-exec-1] INFO  c.c.s.c.impl.CountryServiceClient - Calling internal mock country API [GET] http://localhost:8080/api/mock/countries/Malaysia
2026-06-27 14:46:23.898 [http-nio-8080-exec-3] INFO  c.c.service.impl.CustomerServiceImpl - Deleting customer with id: 16
2026-06-27 14:46:23.900 [http-nio-8080-exec-3] INFO  c.c.service.impl.CustomerServiceImpl - Customer deleted successfully -> id: 16
2026-06-27 15:46:29.679 [http-nio-8080-exec-7] ERROR c.c.exception.GlobalExceptionHandler - Unexpected error occurred
org.springframework.http.converter.HttpMessageNotReadableException: JSON parse error: Cannot deserialize value of type `java.time.LocalDate` from String "AAA": Failed to deserialize java.time.LocalDate: (java.time.format.DateTimeParseException) Text 'AAA' could not be parsed at index 0
	at org.springframework.http.converter.json.AbstractJackson2HttpMessageConverter.readJavaType(AbstractJackson2HttpMessageConverter.java:408)
	at org.springframework.http.converter.json.AbstractJackson2HttpMessageConverter.read(AbstractJackson2HttpMessageConverter.java:356)
	at org.springframework.web.servlet.mvc.method.annotation.AbstractMessageConverterMethodArgumentResolver.readWithMessageConverters(AbstractMessageConverterMethodArgumentResolver.java:204)
	at org.springframework.web.servlet.mvc.method.annotation.RequestResponseBodyMethodProcessor.readWithMessageConverters(RequestResponseBodyMethodProcessor.java:176)
	at org.springframework.web.servlet.mvc.method.annotation.RequestResponseBodyMethodProcessor.resolveArgument(RequestResponseBodyMethodProcessor.java:150)
	at org.springframework.web.method.support.HandlerMethodArgumentResolverComposite.resolveArgument(HandlerMethodArgumentResolverComposite.java:122)
	at org.springframework.web.method.support.InvocableHandlerMethod.getMethodArgumentValues(InvocableHandlerMethod.java:227)
	at org.springframework.web.method.support.InvocableHandlerMethod.invokeForRequest(InvocableHandlerMethod.java:181)
	at org.springframework.web.servlet.mvc.method.annotation.ServletInvocableHandlerMethod.invokeAndHandle(ServletInvocableHandlerMethod.java:118)
	at org.springframework.web.servlet.mvc.method.annotation.RequestMappingHandlerAdapter.invokeHandlerMethod(RequestMappingHandlerAdapter.java:991)
	at org.springframework.web.servlet.mvc.method.annotation.RequestMappingHandlerAdapter.handleInternal(RequestMappingHandlerAdapter.java:896)
	at org.springframework.web.servlet.mvc.method.AbstractHandlerMethodAdapter.handle(AbstractHandlerMethodAdapter.java:87)
	at org.springframework.web.servlet.DispatcherServlet.doDispatch(DispatcherServlet.java:1089)
	at org.springframework.web.servlet.DispatcherServlet.doService(DispatcherServlet.java:979)
	at org.springframework.web.servlet.FrameworkServlet.processRequest(FrameworkServlet.java:1014)
	at org.springframework.web.servlet.FrameworkServlet.doPost(FrameworkServlet.java:914)
	at jakarta.servlet.http.HttpServlet.service(HttpServlet.java:590)
	at org.springframework.web.servlet.FrameworkServlet.service(FrameworkServlet.java:885)
	at jakarta.servlet.http.HttpServlet.service(HttpServlet.java:658)
	at org.apache.catalina.core.ApplicationFilterChain.internalDoFilter(ApplicationFilterChain.java:193)
	at org.apache.catalina.core.ApplicationFilterChain.doFilter(ApplicationFilterChain.java:138)
	at org.apache.tomcat.websocket.server.WsFilter.doFilter(WsFilter.java:51)
	at org.apache.catalina.core.ApplicationFilterChain.internalDoFilter(ApplicationFilterChain.java:162)
	at org.apache.catalina.core.ApplicationFilterChain.doFilter(ApplicationFilterChain.java:138)
	at org.springframework.web.filter.RequestContextFilter.doFilterInternal(RequestContextFilter.java:100)
	at org.springframework.web.filter.OncePerRequestFilter.doFilter(OncePerRequestFilter.java:116)
	at org.apache.catalina.core.ApplicationFilterChain.internalDoFilter(ApplicationFilterChain.java:162)
	at org.apache.catalina.core.ApplicationFilterChain.doFilter(ApplicationFilterChain.java:138)
	at org.springframework.web.filter.FormContentFilter.doFilterInternal(FormContentFilter.java:93)
	at org.springframework.web.filter.OncePerRequestFilter.doFilter(OncePerRequestFilter.java:116)
	at org.apache.catalina.core.ApplicationFilterChain.internalDoFilter(ApplicationFilterChain.java:162)
	at org.apache.catalina.core.ApplicationFilterChain.doFilter(ApplicationFilterChain.java:138)
	at org.springframework.web.filter.CharacterEncodingFilter.doFilterInternal(CharacterEncodingFilter.java:201)
	at org.springframework.web.filter.OncePerRequestFilter.doFilter(OncePerRequestFilter.java:116)
	at org.apache.catalina.core.ApplicationFilterChain.internalDoFilter(ApplicationFilterChain.java:162)
	at org.apache.catalina.core.ApplicationFilterChain.doFilter(ApplicationFilterChain.java:138)
	at com.cm.filter.RequestResponseLoggingFilter.doFilterInternal(RequestResponseLoggingFilter.java:49)
	at org.springframework.web.filter.OncePerRequestFilter.doFilter(OncePerRequestFilter.java:116)
	at org.apache.catalina.core.ApplicationFilterChain.internalDoFilter(ApplicationFilterChain.java:162)
	at org.apache.catalina.core.ApplicationFilterChain.doFilter(ApplicationFilterChain.java:138)
	at org.apache.catalina.core.StandardWrapperValve.invoke(StandardWrapperValve.java:165)
	at org.apache.catalina.core.StandardContextValve.invoke(StandardContextValve.java:88)
	at org.apache.catalina.authenticator.AuthenticatorBase.invoke(AuthenticatorBase.java:492)
	at org.apache.catalina.core.StandardHostValve.invoke(StandardHostValve.java:113)
	at org.apache.catalina.valves.ErrorReportValve.invoke(ErrorReportValve.java:83)
	at org.apache.catalina.core.StandardEngineValve.invoke(StandardEngineValve.java:72)
	at org.apache.catalina.connector.CoyoteAdapter.service(CoyoteAdapter.java:342)
	at org.apache.coyote.http11.Http11Processor.service(Http11Processor.java:399)
	at org.apache.coyote.AbstractProcessorLight.process(AbstractProcessorLight.java:63)
	at org.apache.coyote.AbstractProtocol$ConnectionHandler.process(AbstractProtocol.java:903)
	at org.apache.tomcat.util.net.NioEndpoint$SocketProcessor.doRun(NioEndpoint.java:1775)
	at org.apache.tomcat.util.net.SocketProcessorBase.run(SocketProcessorBase.java:52)
	at org.apache.tomcat.util.threads.ThreadPoolExecutor.runWorker(ThreadPoolExecutor.java:973)
	at org.apache.tomcat.util.threads.ThreadPoolExecutor$Worker.run(ThreadPoolExecutor.java:491)
	at org.apache.tomcat.util.threads.TaskThread$WrappingRunnable.run(TaskThread.java:63)
	at java.base/java.lang.Thread.run(Thread.java:1595)
Caused by: com.fasterxml.jackson.databind.exc.InvalidFormatException: Cannot deserialize value of type `java.time.LocalDate` from String "AAA": Failed to deserialize java.time.LocalDate: (java.time.format.DateTimeParseException) Text 'AAA' could not be parsed at index 0
 at [Source: REDACTED (`StreamReadFeature.INCLUDE_SOURCE_IN_LOCATION` disabled); line: 6, column: 20] (through reference chain: com.cm.dto.customer.CreateCustomerDTO["dateOfBirth"])
	at com.fasterxml.jackson.databind.exc.InvalidFormatException.from(InvalidFormatException.java:67)
	at com.fasterxml.jackson.databind.DeserializationContext.weirdStringException(DeserializationContext.java:1986)
	at com.fasterxml.jackson.databind.DeserializationContext.handleWeirdStringValue(DeserializationContext.java:1272)
	at com.fasterxml.jackson.datatype.jsr310.deser.JSR310DeserializerBase._handleDateTimeException(JSR310DeserializerBase.java:176)
	at com.fasterxml.jackson.datatype.jsr310.deser.LocalDateDeserializer._fromString(LocalDateDeserializer.java:221)
	at com.fasterxml.jackson.datatype.jsr310.deser.LocalDateDeserializer.deserialize(LocalDateDeserializer.java:131)
	at com.fasterxml.jackson.datatype.jsr310.deser.LocalDateDeserializer.deserialize(LocalDateDeserializer.java:40)
	at com.fasterxml.jackson.databind.deser.impl.MethodProperty.deserializeAndSet(MethodProperty.java:129)
	at com.fasterxml.jackson.databind.deser.BeanDeserializer.deserializeFromObject(BeanDeserializer.java:392)
	at com.fasterxml.jackson.databind.deser.BeanDeserializer.deserialize(BeanDeserializer.java:177)
	at com.fasterxml.jackson.databind.deser.DefaultDeserializationContext.readRootValue(DefaultDeserializationContext.java:342)
	at com.fasterxml.jackson.databind.ObjectReader._bindAndClose(ObjectReader.java:2130)
	at com.fasterxml.jackson.databind.ObjectReader.readValue(ObjectReader.java:1500)
	at org.springframework.http.converter.json.AbstractJackson2HttpMessageConverter.readJavaType(AbstractJackson2HttpMessageConverter.java:397)
	... 55 common frames omitted
Caused by: java.time.format.DateTimeParseException: Text 'AAA' could not be parsed at index 0
	at java.base/java.time.format.DateTimeFormatter.parseResolved0(DateTimeFormatter.java:2108)
	at java.base/java.time.format.DateTimeFormatter.parse(DateTimeFormatter.java:2010)
	at java.base/java.time.LocalDate.parse(LocalDate.java:435)
	at com.fasterxml.jackson.datatype.jsr310.deser.LocalDateDeserializer._fromString(LocalDateDeserializer.java:219)
	... 64 common frames omitted
2026-06-27 16:23:12.426 [main] INFO  c.cm.CustomerManagementApplication - Starting CustomerManagementApplication using Java 21.0.7 with PID 13972 (C:\Users\kle20\IdeaProjects\customer-management-application\target\classes started by KLE20 in C:\Users\kle20\IdeaProjects\customer-management-application)
2026-06-27 16:23:12.429 [main] DEBUG c.cm.CustomerManagementApplication - Running with Spring Boot v3.5.11, Spring v6.2.16
2026-06-27 16:23:12.430 [main] INFO  c.cm.CustomerManagementApplication - No active profile set, falling back to 1 default profile: "default"
2026-06-27 16:23:14.712 [main] DEBUG c.c.f.RequestResponseLoggingFilter - Filter 'requestResponseLoggingFilter' configured for use
2026-06-27 16:23:20.313 [main] INFO  c.cm.CustomerManagementApplication - Started CustomerManagementApplication in 9.107 seconds (process running for 10.094)
2026-06-27 16:23:44.821 [http-nio-8080-exec-2] ERROR c.c.exception.GlobalExceptionHandler - Validation failed: [dateOfBirth: Date of birth must be a past date]
2026-06-27 16:24:15.425 [http-nio-8080-exec-4] ERROR c.c.exception.GlobalExceptionHandler - Validation failed: [dateOfBirth: Date of birth must be a past date]
2026-06-27 16:37:16.642 [main] INFO  c.cm.CustomerManagementApplication - Starting CustomerManagementApplication using Java 21.0.7 with PID 34484 (C:\Users\kle20\IdeaProjects\customer-management-application\target\classes started by KLE20 in C:\Users\kle20\IdeaProjects\customer-management-application)
2026-06-27 16:37:16.646 [main] DEBUG c.cm.CustomerManagementApplication - Running with Spring Boot v3.5.11, Spring v6.2.16
2026-06-27 16:37:16.649 [main] INFO  c.cm.CustomerManagementApplication - No active profile set, falling back to 1 default profile: "default"
2026-06-27 16:37:19.250 [main] DEBUG c.c.f.RequestResponseLoggingFilter - Filter 'requestResponseLoggingFilter' configured for use
2026-06-27 16:37:23.810 [main] INFO  c.cm.CustomerManagementApplication - Started CustomerManagementApplication in 8.254 seconds (process running for 9.106)
2026-06-27 16:43:01.212 [main] INFO  c.cm.CustomerManagementApplication - Starting CustomerManagementApplication using Java 21.0.7 with PID 29028 (C:\Users\kle20\IdeaProjects\customer-management-application\target\classes started by KLE20 in C:\Users\kle20\IdeaProjects\customer-management-application)
2026-06-27 16:43:01.213 [main] DEBUG c.cm.CustomerManagementApplication - Running with Spring Boot v3.5.11, Spring v6.2.16
2026-06-27 16:43:01.216 [main] INFO  c.cm.CustomerManagementApplication - No active profile set, falling back to 1 default profile: "default"
2026-06-27 16:43:02.968 [main] DEBUG c.c.f.RequestResponseLoggingFilter - Filter 'requestResponseLoggingFilter' configured for use
2026-06-27 16:43:06.712 [main] INFO  c.cm.CustomerManagementApplication - Started CustomerManagementApplication in 6.393 seconds (process running for 7.174)
2026-06-27 16:43:48.640 [main] INFO  c.cm.CustomerManagementApplication - Starting CustomerManagementApplication using Java 21.0.7 with PID 30880 (C:\Users\kle20\IdeaProjects\customer-management-application\target\classes started by KLE20 in C:\Users\kle20\IdeaProjects\customer-management-application)
2026-06-27 16:43:48.643 [main] DEBUG c.cm.CustomerManagementApplication - Running with Spring Boot v3.5.11, Spring v6.2.16
2026-06-27 16:43:48.646 [main] INFO  c.cm.CustomerManagementApplication - No active profile set, falling back to 1 default profile: "default"
2026-06-27 16:43:50.581 [main] DEBUG c.c.f.RequestResponseLoggingFilter - Filter 'requestResponseLoggingFilter' configured for use
2026-06-27 16:43:54.256 [main] INFO  c.cm.CustomerManagementApplication - Started CustomerManagementApplication in 6.579 seconds (process running for 7.406)
2026-06-27 16:48:03.137 [http-nio-8080-exec-1] ERROR c.c.exception.GlobalExceptionHandler - Unexpected error occurred
org.springframework.web.servlet.resource.NoResourceFoundException: No static resource api/v1/api/mock/countries/malaysia.
	at org.springframework.web.servlet.resource.ResourceHttpRequestHandler.handleRequest(ResourceHttpRequestHandler.java:585)
	at org.springframework.web.servlet.mvc.HttpRequestHandlerAdapter.handle(HttpRequestHandlerAdapter.java:52)
	at org.springframework.web.servlet.DispatcherServlet.doDispatch(DispatcherServlet.java:1089)
	at org.springframework.web.servlet.DispatcherServlet.doService(DispatcherServlet.java:979)
	at org.springframework.web.servlet.FrameworkServlet.processRequest(FrameworkServlet.java:1014)
	at org.springframework.web.servlet.FrameworkServlet.doGet(FrameworkServlet.java:903)
	at jakarta.servlet.http.HttpServlet.service(HttpServlet.java:564)
	at org.springframework.web.servlet.FrameworkServlet.service(FrameworkServlet.java:885)
	at jakarta.servlet.http.HttpServlet.service(HttpServlet.java:658)
	at org.apache.catalina.core.ApplicationFilterChain.internalDoFilter(ApplicationFilterChain.java:193)
	at org.apache.catalina.core.ApplicationFilterChain.doFilter(ApplicationFilterChain.java:138)
	at org.apache.tomcat.websocket.server.WsFilter.doFilter(WsFilter.java:51)
	at org.apache.catalina.core.ApplicationFilterChain.internalDoFilter(ApplicationFilterChain.java:162)
	at org.apache.catalina.core.ApplicationFilterChain.doFilter(ApplicationFilterChain.java:138)
	at org.springframework.web.filter.RequestContextFilter.doFilterInternal(RequestContextFilter.java:100)
	at org.springframework.web.filter.OncePerRequestFilter.doFilter(OncePerRequestFilter.java:116)
	at org.apache.catalina.core.ApplicationFilterChain.internalDoFilter(ApplicationFilterChain.java:162)
	at org.apache.catalina.core.ApplicationFilterChain.doFilter(ApplicationFilterChain.java:138)
	at org.springframework.web.filter.FormContentFilter.doFilterInternal(FormContentFilter.java:93)
	at org.springframework.web.filter.OncePerRequestFilter.doFilter(OncePerRequestFilter.java:116)
	at org.apache.catalina.core.ApplicationFilterChain.internalDoFilter(ApplicationFilterChain.java:162)
	at org.apache.catalina.core.ApplicationFilterChain.doFilter(ApplicationFilterChain.java:138)
	at org.springframework.web.filter.CharacterEncodingFilter.doFilterInternal(CharacterEncodingFilter.java:201)
	at org.springframework.web.filter.OncePerRequestFilter.doFilter(OncePerRequestFilter.java:116)
	at org.apache.catalina.core.ApplicationFilterChain.internalDoFilter(ApplicationFilterChain.java:162)
	at org.apache.catalina.core.ApplicationFilterChain.doFilter(ApplicationFilterChain.java:138)
	at com.cm.filter.RequestResponseLoggingFilter.doFilterInternal(RequestResponseLoggingFilter.java:49)
	at org.springframework.web.filter.OncePerRequestFilter.doFilter(OncePerRequestFilter.java:116)
	at org.apache.catalina.core.ApplicationFilterChain.internalDoFilter(ApplicationFilterChain.java:162)
	at org.apache.catalina.core.ApplicationFilterChain.doFilter(ApplicationFilterChain.java:138)
	at org.apache.catalina.core.StandardWrapperValve.invoke(StandardWrapperValve.java:165)
	at org.apache.catalina.core.StandardContextValve.invoke(StandardContextValve.java:88)
	at org.apache.catalina.authenticator.AuthenticatorBase.invoke(AuthenticatorBase.java:492)
	at org.apache.catalina.core.StandardHostValve.invoke(StandardHostValve.java:113)
	at org.apache.catalina.valves.ErrorReportValve.invoke(ErrorReportValve.java:83)
	at org.apache.catalina.core.StandardEngineValve.invoke(StandardEngineValve.java:72)
	at org.apache.catalina.connector.CoyoteAdapter.service(CoyoteAdapter.java:342)
	at org.apache.coyote.http11.Http11Processor.service(Http11Processor.java:399)
	at org.apache.coyote.AbstractProcessorLight.process(AbstractProcessorLight.java:63)
	at org.apache.coyote.AbstractProtocol$ConnectionHandler.process(AbstractProtocol.java:903)
	at org.apache.tomcat.util.net.NioEndpoint$SocketProcessor.doRun(NioEndpoint.java:1775)
	at org.apache.tomcat.util.net.SocketProcessorBase.run(SocketProcessorBase.java:52)
	at org.apache.tomcat.util.threads.ThreadPoolExecutor.runWorker(ThreadPoolExecutor.java:973)
	at org.apache.tomcat.util.threads.ThreadPoolExecutor$Worker.run(ThreadPoolExecutor.java:491)
	at org.apache.tomcat.util.threads.TaskThread$WrappingRunnable.run(TaskThread.java:63)
	at java.base/java.lang.Thread.run(Thread.java:1595)
2026-06-27 16:53:37.531 [http-nio-8080-exec-10] INFO  c.c.service.impl.CustomerServiceImpl - Customer created successfully -> id: 17
2026-06-27 20:30:01.917 [main] INFO  c.cm.CustomerManagementApplication - Starting CustomerManagementApplication using Java 21.0.7 with PID 36780 (C:\Users\kle20\IdeaProjects\customer-management-application\target\classes started by KLE20 in C:\Users\kle20\IdeaProjects\customer-management-application)
2026-06-27 20:30:01.923 [main] DEBUG c.cm.CustomerManagementApplication - Running with Spring Boot v4.0.0, Spring v7.0.1
2026-06-27 20:30:01.925 [main] INFO  c.cm.CustomerManagementApplication - No active profile set, falling back to 1 default profile: "default"
2026-06-27 20:30:03.818 [main] DEBUG c.c.f.RequestResponseLoggingFilter - Filter 'requestResponseLoggingFilter' configured for use
2026-06-27 20:41:39.465 [main] INFO  c.cm.CustomerManagementApplication - Starting CustomerManagementApplication using Java 21.0.7 with PID 26148 (C:\Users\kle20\IdeaProjects\customer-management-application\target\classes started by KLE20 in C:\Users\kle20\IdeaProjects\customer-management-application)
2026-06-27 20:41:39.469 [main] DEBUG c.cm.CustomerManagementApplication - Running with Spring Boot v3.5.11, Spring v6.2.16
2026-06-27 20:41:39.471 [main] INFO  c.cm.CustomerManagementApplication - No active profile set, falling back to 1 default profile: "default"
2026-06-27 20:41:42.181 [main] DEBUG c.c.f.RequestResponseLoggingFilter - Filter 'requestResponseLoggingFilter' configured for use
2026-06-27 20:41:46.669 [main] INFO  c.cm.CustomerManagementApplication - Started CustomerManagementApplication in 8.402 seconds (process running for 9.352)
2026-06-27 20:42:56.321 [main] INFO  c.cm.CustomerManagementApplication - Starting CustomerManagementApplication using Java 21.0.7 with PID 36888 (C:\Users\kle20\IdeaProjects\customer-management-application\target\classes started by KLE20 in C:\Users\kle20\IdeaProjects\customer-management-application)
2026-06-27 20:42:56.354 [main] DEBUG c.cm.CustomerManagementApplication - Running with Spring Boot v4.0.0, Spring v7.0.1
2026-06-27 20:42:56.356 [main] INFO  c.cm.CustomerManagementApplication - No active profile set, falling back to 1 default profile: "default"
2026-06-27 20:42:58.636 [main] DEBUG c.c.f.RequestResponseLoggingFilter - Filter 'requestResponseLoggingFilter' configured for use
2026-06-27 20:44:04.688 [main] INFO  c.cm.CustomerManagementApplication - Starting CustomerManagementApplication using Java 21.0.7 with PID 24884 (C:\Users\kle20\IdeaProjects\customer-management-application\target\classes started by KLE20 in C:\Users\kle20\IdeaProjects\customer-management-application)
2026-06-27 20:44:04.692 [main] DEBUG c.cm.CustomerManagementApplication - Running with Spring Boot v4.0.0, Spring v7.0.1
2026-06-27 20:44:04.693 [main] INFO  c.cm.CustomerManagementApplication - No active profile set, falling back to 1 default profile: "default"
2026-06-27 20:44:06.450 [main] DEBUG c.c.f.RequestResponseLoggingFilter - Filter 'requestResponseLoggingFilter' configured for use
2026-06-27 20:47:23.483 [main] INFO  c.cm.CustomerManagementApplication - Starting CustomerManagementApplication using Java 21.0.7 with PID 32464 (C:\Users\kle20\IdeaProjects\customer-management-application\target\classes started by KLE20 in C:\Users\kle20\IdeaProjects\customer-management-application)
2026-06-27 20:47:23.489 [main] DEBUG c.cm.CustomerManagementApplication - Running with Spring Boot v4.0.0, Spring v7.0.1
2026-06-27 20:47:23.491 [main] INFO  c.cm.CustomerManagementApplication - No active profile set, falling back to 1 default profile: "default"
2026-06-27 20:47:25.246 [main] DEBUG c.c.f.RequestResponseLoggingFilter - Filter 'requestResponseLoggingFilter' configured for use
2026-06-27 20:47:29.493 [main] INFO  c.cm.CustomerManagementApplication - Started CustomerManagementApplication in 6.961 seconds (process running for 7.873)
2026-06-27 20:48:52.888 [http-nio-8080-exec-1] ERROR c.c.exception.GlobalExceptionHandler - Duplicate resource: Customer already exists with email: alex@example.com
2026-06-27 20:49:04.906 [http-nio-8080-exec-4] INFO  c.c.service.impl.CustomerServiceImpl - Customer updated successfully -> id: 18
2026-06-27 20:49:19.982 [http-nio-8080-exec-5] INFO  c.c.service.impl.CustomerServiceImpl - Customer updated successfully -> id: 18
2026-06-27 20:49:23.288 [http-nio-8080-exec-6] INFO  c.c.service.impl.CustomerServiceImpl - Fetching customer with id: 18
2026-06-27 20:49:27.975 [http-nio-8080-exec-7] INFO  c.c.service.impl.CustomerServiceImpl - Fetching customers -> page: 0, pageSize: 5, sortBy: id, sortDir: asc
2026-06-27 20:49:51.509 [http-nio-8080-exec-8] INFO  c.c.service.impl.CustomerServiceImpl - Fetching enriched customer data for id: 18
2026-06-27 20:49:51.513 [http-nio-8080-exec-8] INFO  c.c.service.impl.CustomerServiceImpl - Customer found (country: Malaysia). Now calling 3rd-party API to enrich data.
2026-06-27 20:49:51.513 [http-nio-8080-exec-8] INFO  c.c.s.c.impl.CountryServiceClient - Calling internal mock country API [GET] http://localhost:8080/api/mock/countries/Malaysia
2026-06-27 20:50:00.954 [http-nio-8080-exec-10] INFO  c.c.service.impl.CustomerServiceImpl - Customer deleted successfully -> id: 18
2026-06-27 20:51:17.623 [main] INFO  c.cm.CustomerManagementApplication - Starting CustomerManagementApplication using Java 21.0.7 with PID 25168 (C:\Users\kle20\IdeaProjects\customer-management-application\target\classes started by KLE20 in C:\Users\kle20\IdeaProjects\customer-management-application)
2026-06-27 20:51:17.628 [main] INFO  c.cm.CustomerManagementApplication - No active profile set, falling back to 1 default profile: "default"
2026-06-27 20:51:23.443 [main] INFO  c.cm.CustomerManagementApplication - Started CustomerManagementApplication in 6.756 seconds (process running for 7.73)
2026-06-27 20:55:06.217 [http-nio-8080-exec-5] INFO  c.c.service.impl.CustomerServiceImpl - Customer updated successfully -> id: 19
2026-06-27 20:55:29.036 [http-nio-8080-exec-6] INFO  c.c.service.impl.CustomerServiceImpl - Customer updated successfully -> id: 19
2026-06-27 20:57:07.630 [main] INFO  c.cm.CustomerManagementApplication - Starting CustomerManagementApplication using Java 21.0.7 with PID 34264 (C:\Users\kle20\IdeaProjects\customer-management-application\target\classes started by KLE20 in C:\Users\kle20\IdeaProjects\customer-management-application)
2026-06-27 20:57:07.640 [main] INFO  c.cm.CustomerManagementApplication - No active profile set, falling back to 1 default profile: "default"
2026-06-27 20:57:17.827 [main] INFO  c.cm.CustomerManagementApplication - Started CustomerManagementApplication in 12.001 seconds (process running for 13.975)
2026-06-27 20:57:25.957 [http-nio-8080-exec-2] INFO  c.c.service.impl.CustomerServiceImpl - Customer updated successfully -> id: 19
2026-06-27 20:59:06.338 [main] INFO  c.cm.CustomerManagementApplication - Starting CustomerManagementApplication using Java 21.0.7 with PID 38872 (C:\Users\kle20\IdeaProjects\customer-management-application\target\classes started by KLE20 in C:\Users\kle20\IdeaProjects\customer-management-application)
2026-06-27 20:59:06.354 [main] INFO  c.cm.CustomerManagementApplication - No active profile set, falling back to 1 default profile: "default"
2026-06-27 20:59:17.256 [main] INFO  c.cm.CustomerManagementApplication - Started CustomerManagementApplication in 12.389 seconds (process running for 14.261)
2026-06-27 20:59:23.318 [http-nio-8080-exec-1] INFO  c.c.service.impl.CustomerServiceImpl - Fetching customer with id: 19
2026-06-27 20:59:56.138 [main] INFO  c.cm.CustomerManagementApplication - Starting CustomerManagementApplication using Java 21.0.7 with PID 8116 (C:\Users\kle20\IdeaProjects\customer-management-application\target\classes started by KLE20 in C:\Users\kle20\IdeaProjects\customer-management-application)
2026-06-27 20:59:56.146 [main] DEBUG c.cm.CustomerManagementApplication - Running with Spring Boot v4.0.0, Spring v7.0.1
2026-06-27 20:59:56.149 [main] INFO  c.cm.CustomerManagementApplication - No active profile set, falling back to 1 default profile: "default"
2026-06-27 20:59:59.142 [main] DEBUG c.c.f.RequestResponseLoggingFilter - Filter 'requestResponseLoggingFilter' configured for use
2026-06-27 21:00:05.800 [main] INFO  c.cm.CustomerManagementApplication - Started CustomerManagementApplication in 11.132 seconds (process running for 13.047)
2026-06-27 21:01:09.353 [http-nio-8080-exec-1] INFO  c.c.service.impl.CustomerServiceImpl - Fetching customer with id: 19
2026-06-27 21:02:41.688 [main] INFO  c.cm.CustomerManagementApplication - Starting CustomerManagementApplication using Java 21.0.7 with PID 26140 (C:\Users\kle20\IdeaProjects\customer-management-application\target\classes started by KLE20 in C:\Users\kle20\IdeaProjects\customer-management-application)
2026-06-27 21:02:41.696 [main] DEBUG c.cm.CustomerManagementApplication - Running with Spring Boot v4.0.0, Spring v7.0.1
2026-06-27 21:02:41.701 [main] INFO  c.cm.CustomerManagementApplication - No active profile set, falling back to 1 default profile: "default"
2026-06-27 21:02:44.710 [main] DEBUG c.c.f.RequestResponseLoggingFilter - Filter 'requestResponseLoggingFilter' configured for use
2026-06-27 21:02:51.724 [main] INFO  c.cm.CustomerManagementApplication - Started CustomerManagementApplication in 11.51 seconds (process running for 13.398)
2026-06-27 21:02:54.527 [http-nio-8080-exec-1] INFO  c.c.service.impl.CustomerServiceImpl - Fetching customer with id: 19
2026-06-27 21:03:18.216 [main] INFO  c.cm.CustomerManagementApplication - Starting CustomerManagementApplication using Java 21.0.7 with PID 14816 (C:\Users\kle20\IdeaProjects\customer-management-application\target\classes started by KLE20 in C:\Users\kle20\IdeaProjects\customer-management-application)
2026-06-27 21:03:18.224 [main] DEBUG c.cm.CustomerManagementApplication - Running with Spring Boot v4.0.0, Spring v7.0.1
2026-06-27 21:03:18.227 [main] INFO  c.cm.CustomerManagementApplication - No active profile set, falling back to 1 default profile: "default"
2026-06-27 21:03:21.468 [main] DEBUG c.c.f.RequestResponseLoggingFilter - Filter 'requestResponseLoggingFilter' configured for use
2026-06-27 21:03:28.017 [main] INFO  c.cm.CustomerManagementApplication - Started CustomerManagementApplication in 11.365 seconds (process running for 13.393)
2026-06-27 21:48:53.607 [main] INFO  c.cm.CustomerManagementApplication - Starting CustomerManagementApplication using Java 21.0.7 with PID 5316 (C:\Users\kle20\IdeaProjects\customer-management-application\target\classes started by KLE20 in C:\Users\kle20\IdeaProjects\customer-management-application)
2026-06-27 21:48:53.618 [main] DEBUG c.cm.CustomerManagementApplication - Running with Spring Boot v4.0.0, Spring v7.0.1
2026-06-27 21:48:53.621 [main] INFO  c.cm.CustomerManagementApplication - No active profile set, falling back to 1 default profile: "default"
2026-06-27 21:48:56.916 [main] DEBUG c.c.f.RequestResponseLoggingFilter - Filter 'requestResponseLoggingFilter' configured for use
2026-06-27 21:49:04.164 [main] INFO  c.cm.CustomerManagementApplication - Started CustomerManagementApplication in 12.164 seconds (process running for 14.139)
2026-06-27 21:50:46.391 [main] INFO  c.cm.CustomerManagementApplication - Starting CustomerManagementApplication using Java 21.0.7 with PID 26568 (C:\Users\kle20\IdeaProjects\customer-management-application\target\classes started by KLE20 in C:\Users\kle20\IdeaProjects\customer-management-application)
2026-06-27 21:50:46.400 [main] DEBUG c.cm.CustomerManagementApplication - Running with Spring Boot v4.0.0, Spring v7.0.1
2026-06-27 21:50:46.402 [main] INFO  c.cm.CustomerManagementApplication - No active profile set, falling back to 1 default profile: "default"
2026-06-27 21:50:49.580 [main] DEBUG c.c.f.RequestResponseLoggingFilter - Filter 'requestResponseLoggingFilter' configured for use
2026-06-27 21:50:56.885 [main] INFO  c.cm.CustomerManagementApplication - Started CustomerManagementApplication in 12.021 seconds (process running for 14.216)
2026-06-27 21:59:56.784 [main] INFO  c.cm.CustomerManagementApplication - Starting CustomerManagementApplication using Java 21.0.7 with PID 12108 (C:\Users\kle20\IdeaProjects\customer-management-application\target\classes started by KLE20 in C:\Users\kle20\IdeaProjects\customer-management-application)
2026-06-27 21:59:56.791 [main] DEBUG c.cm.CustomerManagementApplication - Running with Spring Boot v4.0.0, Spring v7.0.1
2026-06-27 21:59:56.793 [main] INFO  c.cm.CustomerManagementApplication - No active profile set, falling back to 1 default profile: "default"
2026-06-27 22:00:00.108 [main] DEBUG c.c.f.RequestResponseLoggingFilter - Filter 'requestResponseLoggingFilter' configured for use
2026-06-27 22:00:10.986 [main] INFO  c.cm.CustomerManagementApplication - Started CustomerManagementApplication in 16.27 seconds (process running for 17.621)
2026-06-27 22:03:01.959 [main] INFO  c.cm.CustomerManagementApplication - Starting CustomerManagementApplication using Java 21.0.7 with PID 1748 (C:\Users\kle20\IdeaProjects\customer-management-application\target\classes started by KLE20 in C:\Users\kle20\IdeaProjects\customer-management-application)
2026-06-27 22:03:01.966 [main] DEBUG c.cm.CustomerManagementApplication - Running with Spring Boot v4.0.0, Spring v7.0.1
2026-06-27 22:03:01.968 [main] INFO  c.cm.CustomerManagementApplication - No active profile set, falling back to 1 default profile: "default"
2026-06-27 22:03:03.988 [main] DEBUG c.c.f.RequestResponseLoggingFilter - Filter 'requestResponseLoggingFilter' configured for use
2026-06-27 22:03:07.657 [main] INFO  c.cm.CustomerManagementApplication - Started CustomerManagementApplication in 6.761 seconds (process running for 7.822)
2026-06-27 22:05:29.584 [main] INFO  c.cm.CustomerManagementApplication - Starting CustomerManagementApplication using Java 21.0.7 with PID 17520 (C:\Users\kle20\IdeaProjects\customer-management-application\target\classes started by KLE20 in C:\Users\kle20\IdeaProjects\customer-management-application)
2026-06-27 22:05:29.595 [main] DEBUG c.cm.CustomerManagementApplication - Running with Spring Boot v4.0.0, Spring v7.0.1
2026-06-27 22:05:29.598 [main] INFO  c.cm.CustomerManagementApplication - No active profile set, falling back to 1 default profile: "default"
2026-06-27 22:05:31.934 [main] DEBUG c.c.f.RequestResponseLoggingFilter - Filter 'requestResponseLoggingFilter' configured for use
2026-06-27 22:05:35.476 [main] INFO  c.cm.CustomerManagementApplication - Started CustomerManagementApplication in 7.229 seconds (process running for 8.24)
2026-06-27 22:07:20.532 [http-nio-8080-exec-3] INFO  c.c.service.impl.CustomerServiceImpl - Customer updated successfully -> id: 1
2026-06-27 22:07:24.609 [http-nio-8080-exec-4] INFO  c.c.service.impl.CustomerServiceImpl - Fetching customer with id: 1
2026-06-27 22:07:29.233 [http-nio-8080-exec-5] INFO  c.c.service.impl.CustomerServiceImpl - Fetching customers -> page: 0, pageSize: 5, sortBy: id, sortDir: asc
2026-06-27 22:07:34.856 [http-nio-8080-exec-6] INFO  c.c.service.impl.CustomerServiceImpl - Fetching enriched customer data for id: 1
2026-06-27 22:07:34.860 [http-nio-8080-exec-6] INFO  c.c.service.impl.CustomerServiceImpl - Customer found (country: Malaysia). Now calling 3rd-party API to enrich data.
2026-06-27 22:07:34.860 [http-nio-8080-exec-6] INFO  c.c.s.c.impl.CountryServiceClient - Calling internal mock country API [GET] http://localhost:8080/api/mock/countries/Malaysia
2026-06-27 22:15:42.998 [http-nio-8080-exec-7] ERROR c.c.exception.GlobalExceptionHandler - Duplicate resource: Customer already exists with email: alex@example.com
2026-06-27 22:15:49.570 [http-nio-8080-exec-6] ERROR c.c.exception.GlobalExceptionHandler - Duplicate resource: Another customer already uses email: elex2@example.com
2026-06-27 22:16:13.140 [http-nio-8080-exec-8] INFO  c.c.service.impl.CustomerServiceImpl - Customer updated successfully -> id: 2
2026-06-27 22:16:18.082 [http-nio-8080-exec-9] INFO  c.c.service.impl.CustomerServiceImpl - Fetching customer with id: 2
2026-06-27 22:16:22.061 [http-nio-8080-exec-10] INFO  c.c.service.impl.CustomerServiceImpl - Fetching customers -> page: 0, pageSize: 5, sortBy: id, sortDir: asc
2026-06-27 22:16:28.609 [http-nio-8080-exec-1] INFO  c.c.service.impl.CustomerServiceImpl - Fetching enriched customer data for id: 2
2026-06-27 22:16:28.611 [http-nio-8080-exec-1] INFO  c.c.service.impl.CustomerServiceImpl - Customer found (country: Malaysia). Now calling 3rd-party API to enrich data.
2026-06-27 22:16:28.611 [http-nio-8080-exec-1] INFO  c.c.s.c.impl.CountryServiceClient - Calling internal mock country API [GET] http://localhost:8080/api/mock/countries/Malaysia
2026-06-27 22:16:33.777 [http-nio-8080-exec-3] INFO  c.c.service.impl.CustomerServiceImpl - Customer deleted successfully -> id: 2
2026-06-27 23:13:04.542 [main] INFO  c.cm.CustomerManagementApplication - Starting CustomerManagementApplication using Java 21.0.7 with PID 9016 (C:\Users\kle20\IdeaProjects\customer-management-application\target\classes started by KLE20 in C:\Users\kle20\IdeaProjects\customer-management-application)
2026-06-27 23:13:04.546 [main] DEBUG c.cm.CustomerManagementApplication - Running with Spring Boot v4.0.0, Spring v7.0.1
2026-06-27 23:13:04.550 [main] INFO  c.cm.CustomerManagementApplication - No active profile set, falling back to 1 default profile: "default"
2026-06-27 23:13:06.276 [main] DEBUG c.c.f.RequestResponseLoggingFilter - Filter 'requestResponseLoggingFilter' configured for use
2026-06-27 23:23:26.927 [main] INFO  c.cm.CustomerManagementApplication - Starting CustomerManagementApplication using Java 21.0.7 with PID 7224 (C:\Users\kle20\IdeaProjects\customer-management-application\target\classes started by KLE20 in C:\Users\kle20\IdeaProjects\customer-management-application)
2026-06-27 23:23:26.931 [main] DEBUG c.cm.CustomerManagementApplication - Running with Spring Boot v4.0.0, Spring v7.0.1
2026-06-27 23:23:26.933 [main] INFO  c.cm.CustomerManagementApplication - No active profile set, falling back to 1 default profile: "default"
2026-06-27 23:23:28.657 [main] DEBUG c.c.f.RequestResponseLoggingFilter - Filter 'requestResponseLoggingFilter' configured for use
2026-06-27 23:23:32.460 [main] INFO  c.cm.CustomerManagementApplication - Started CustomerManagementApplication in 6.429 seconds (process running for 7.342)
2026-06-27 23:25:18.481 [main] INFO  c.cm.CustomerManagementApplication - Starting CustomerManagementApplication using Java 21.0.7 with PID 26360 (C:\Users\kle20\IdeaProjects\customer-management-application\target\classes started by KLE20 in C:\Users\kle20\IdeaProjects\customer-management-application)
2026-06-27 23:25:18.485 [main] DEBUG c.cm.CustomerManagementApplication - Running with Spring Boot v4.0.0, Spring v7.0.1
2026-06-27 23:25:18.487 [main] INFO  c.cm.CustomerManagementApplication - No active profile set, falling back to 1 default profile: "default"
2026-06-27 23:25:20.278 [main] DEBUG c.c.f.RequestResponseLoggingFilter - Filter 'requestResponseLoggingFilter' configured for use
2026-06-27 23:25:24.179 [main] INFO  c.cm.CustomerManagementApplication - Started CustomerManagementApplication in 6.707 seconds (process running for 7.655)
2026-06-27 23:26:09.544 [main] INFO  c.cm.CustomerManagementApplication - Starting CustomerManagementApplication using Java 21.0.7 with PID 26252 (C:\Users\kle20\IdeaProjects\customer-management-application\target\classes started by KLE20 in C:\Users\kle20\IdeaProjects\customer-management-application)
2026-06-27 23:26:09.549 [main] DEBUG c.cm.CustomerManagementApplication - Running with Spring Boot v4.0.0, Spring v7.0.1
2026-06-27 23:26:09.551 [main] INFO  c.cm.CustomerManagementApplication - No active profile set, falling back to 1 default profile: "default"
2026-06-27 23:26:11.456 [main] DEBUG c.c.f.RequestResponseLoggingFilter - Filter 'requestResponseLoggingFilter' configured for use
2026-06-27 23:26:15.280 [main] INFO  c.cm.CustomerManagementApplication - Started CustomerManagementApplication in 6.717 seconds (process running for 7.609)
2026-06-27 23:26:59.698 [main] INFO  c.cm.CustomerManagementApplication - Starting CustomerManagementApplication using Java 21.0.7 with PID 29420 (C:\Users\kle20\IdeaProjects\customer-management-application\target\classes started by KLE20 in C:\Users\kle20\IdeaProjects\customer-management-application)
2026-06-27 23:26:59.702 [main] DEBUG c.cm.CustomerManagementApplication - Running with Spring Boot v4.0.0, Spring v7.0.1
2026-06-27 23:26:59.704 [main] INFO  c.cm.CustomerManagementApplication - No active profile set, falling back to 1 default profile: "default"
2026-06-27 23:27:01.488 [main] DEBUG c.c.f.RequestResponseLoggingFilter - Filter 'requestResponseLoggingFilter' configured for use
2026-06-27 23:27:05.359 [main] INFO  c.cm.CustomerManagementApplication - Started CustomerManagementApplication in 6.551 seconds (process running for 7.437)
